#
# There is insufficient memory for the Java Runtime Environment to continue.
# Native memory allocation (malloc) failed to allocate 1011616 bytes for Chunk::new
# Possible reasons:
#   The system is out of physical RAM or swap space
#   In 32 bit mode, the process size limit was hit
# Possible solutions:
#   Reduce memory load on the system
#   Increase physical memory or swap space
#   Check if swap backing store is full
#   Use 64 bit Java on a 64 bit OS
#   Decrease Java heap size (-Xmx/-Xms)
#   Decrease number of Java threads
#   Decrease Java thread stack sizes (-Xss)
#   Set larger code cache with -XX:ReservedCodeCacheSize=
# This output file may be truncated or incomplete.
#
#  Out of Memory Error (allocation.cpp:390), pid=11236, tid=0x00000000000042b0
#
# JRE version: Java(TM) SE Runtime Environment (8.0_101-b13) (build 1.8.0_101-b13)
# Java VM: Java HotSpot(TM) 64-Bit Server VM (25.101-b13 mixed mode windows-amd64 compressed oops)
# Failed to write core dump. Minidumps are not enabled by default on client versions of Windows
#

---------------  T H R E A D  ---------------

Current thread (0x00000000568b5800):  JavaThread "C2 CompilerThread1" daemon [_thread_in_native, id=17072, stack(0x0000000058290000,0x0000000058390000)]

Stack: [0x0000000058290000,0x0000000058390000]
[error occurred during error reporting (printing stack bounds), id 0xc0000005]

Native frames: (J=compiled Java code, j=interpreted, Vv=VM code, C=native code)


Current CompileTask:
C2:   4093 2175   !   4       com.android.dx.cf.code.BytecodeArray::parseInstruction (2764 bytes)


---------------  P R O C E S S  ---------------

Java Threads: ( => current thread )
  0x0000000056be6800 JavaThread "pool-1-thread-4" [_thread_blocked, id=14156, stack(0x0000000059620000,0x0000000059720000)]
  0x0000000056b87800 JavaThread "pool-1-thread-3" [_thread_blocked, id=5312, stack(0x00000000594f0000,0x00000000595f0000)]
  0x0000000056b85800 JavaThread "pool-1-thread-2" [_thread_in_Java, id=15152, stack(0x0000000059270000,0x0000000059370000)]
  0x00000000588aa800 JavaThread "pool-2-thread-1" [_thread_blocked, id=8476, stack(0x0000000058190000,0x0000000058290000)]
  0x00000000588a6800 JavaThread "pool-1-thread-1" [_thread_blocked, id=13964, stack(0x0000000059070000,0x0000000059170000)]
  0x000000005692c800 JavaThread "Service Thread" daemon [_thread_blocked, id=12876, stack(0x0000000058650000,0x0000000058750000)]
  0x00000000568bf000 JavaThread "C1 CompilerThread3" daemon [_thread_blocked, id=15060, stack(0x0000000057f80000,0x0000000058080000)]
  0x00000000568b8800 JavaThread "C2 CompilerThread2" daemon [_thread_in_native, id=15260, stack(0x00000000583a0000,0x00000000584a0000)]
=>0x00000000568b5800 JavaThread "C2 CompilerThread1" daemon [_thread_in_native, id=17072, stack(0x0000000058290000,0x0000000058390000)]
  0x00000000568af800 JavaThread "C2 CompilerThread0" daemon [_thread_in_native, id=2824, stack(0x0000000058080000,0x0000000058180000)]
  0x00000000568ae000 JavaThread "Attach Listener" daemon [_thread_blocked, id=13748, stack(0x00000000577e0000,0x00000000578e0000)]
  0x00000000568ac800 JavaThread "Signal Dispatcher" daemon [_thread_blocked, id=13636, stack(0x0000000057de0000,0x0000000057ee0000)]
  0x00000000557ff800 JavaThread "Finalizer" daemon [_thread_blocked, id=11568, stack(0x0000000057c90000,0x0000000057d90000)]
  0x0000000056863800 JavaThread "Reference Handler" daemon [_thread_blocked, id=8728, stack(0x0000000057b70000,0x0000000057c70000)]
  0x0000000002218000 JavaThread "main" [_thread_blocked, id=3284, stack(0x0000000002440000,0x0000000002540000)]

Other Threads:
  0x0000000056862000 VMThread [stack: 0x0000000057990000,0x0000000057a90000] [id=16064]
  0x0000000056933800 WatcherThread [stack: 0x00000000584b0000,0x00000000585b0000] [id=14572]

VM state:not at safepoint (normal execution)

VM Mutex/Monitor currently owned by a thread: None

Heap:
 PSYoungGen      total 141824K, used 73078K [0x00000000eab00000, 0x00000000f4000000, 0x0000000100000000)
  eden space 131072K, 47% used [0x00000000eab00000,0x00000000ee7df818,0x00000000f2b00000)
  from space 10752K, 99% used [0x00000000f2b00000,0x00000000f357e0a8,0x00000000f3580000)
  to   space 10752K, 0% used [0x00000000f3580000,0x00000000f3580000,0x00000000f4000000)
 ParOldGen       total 175104K, used 26038K [0x00000000c0000000, 0x00000000cab00000, 0x00000000eab00000)
  object space 175104K, 14% used [0x00000000c0000000,0x00000000c196dba0,0x00000000cab00000)
 Metaspace       used 6499K, capacity 7256K, committed 7424K, reserved 1056768K
  class space    used 626K, capacity 656K, committed 768K, reserved 1048576K

Card table byte_map: [0x0000000011bd0000,0x0000000011de0000] byte_map_base: 0x00000000115d0000

Marking Bits: (ParMarkBitMap*) 0x000000005e28a6d0
 Begin Bits: [0x0000000012c10000, 0x0000000013c10000)
 End Bits:   [0x0000000013c10000, 0x0000000014c10000)

Polling page: 0x0000000000130000

CodeCache: size=245760Kb used=8409Kb max_used=8422Kb free=237350Kb
 bounds [0x0000000002810000, 0x0000000003060000, 0x0000000011810000]
 total_blobs=2350 nmethods=2080 adapters=182
 compilation: enabled

Compilation events (10 events):
Event: 3.920 Thread 0x00000000568bf000 nmethod 2187 0x00000000030095d0 code [0x0000000003009760, 0x0000000003009a38]
Event: 4.032 Thread 0x00000000568bf000 2188 %     3       com.android.dx.dex.file.AnnotationUtils::makeSignature @ 108 (251 bytes)
Event: 4.035 Thread 0x00000000568bf000 nmethod 2188% 0x000000000301fd90 code [0x0000000003020200, 0x0000000003022d88]
Event: 4.035 Thread 0x00000000568bf000 2189       1       com.android.dx.rop.cst.CstLiteral32::fitsInInt (2 bytes)
Event: 4.035 Thread 0x00000000568bf000 nmethod 2189 0x0000000002fe1990 code [0x0000000002fe1ae0, 0x0000000002fe1bf0]
Event: 4.042 Thread 0x00000000568bf000 2190       2       com.android.dx.cf.code.Simulator::requiredArrayTypeFor (61 bytes)
Event: 4.043 Thread 0x00000000568bf000 nmethod 2190 0x0000000003008d90 code [0x0000000003008f40, 0x0000000003009258]
Event: 4.053 Thread 0x00000000568b8800 nmethod 2179 0x0000000003047c90 code [0x0000000003047fa0, 0x000000000304ab20]
Event: 4.053 Thread 0x00000000568b8800 2178       4       java.util.HashMap::getNode (148 bytes)
Event: 4.057 Thread 0x00000000568bf000 2192       2       com.android.dx.ssa.DomFront::calcDomFronts (154 bytes)

GC Heap History (6 events):
Event: 0.863 GC heap before
{Heap before GC invocations=1 (full 0):
 PSYoungGen      total 76288K, used 65536K [0x00000000eab00000, 0x00000000f0000000, 0x0000000100000000)
  eden space 65536K, 100% used [0x00000000eab00000,0x00000000eeb00000,0x00000000eeb00000)
  from space 10752K, 0% used [0x00000000ef580000,0x00000000ef580000,0x00000000f0000000)
  to   space 10752K, 0% used [0x00000000eeb00000,0x00000000eeb00000,0x00000000ef580000)
 ParOldGen       total 175104K, used 0K [0x00000000c0000000, 0x00000000cab00000, 0x00000000eab00000)
  object space 175104K, 0% used [0x00000000c0000000,0x00000000c0000000,0x00000000cab00000)
 Metaspace       used 6057K, capacity 6962K, committed 7040K, reserved 1056768K
  class space    used 604K, capacity 618K, committed 640K, reserved 1048576K
Event: 0.918 GC heap after
Heap after GC invocations=1 (full 0):
 PSYoungGen      total 76288K, used 10091K [0x00000000eab00000, 0x00000000f4000000, 0x0000000100000000)
  eden space 65536K, 0% used [0x00000000eab00000,0x00000000eab00000,0x00000000eeb00000)
  from space 10752K, 93% used [0x00000000eeb00000,0x00000000ef4dadc8,0x00000000ef580000)
  to   space 10752K, 0% used [0x00000000f3580000,0x00000000f3580000,0x00000000f4000000)
 ParOldGen       total 175104K, used 16K [0x00000000c0000000, 0x00000000cab00000, 0x00000000eab00000)
  object space 175104K, 0% used [0x00000000c0000000,0x00000000c0004000,0x00000000cab00000)
 Metaspace       used 6057K, capacity 6962K, committed 7040K, reserved 1056768K
  class space    used 604K, capacity 618K, committed 640K, reserved 1048576K
}
Event: 1.519 GC heap before
{Heap before GC invocations=2 (full 0):
 PSYoungGen      total 76288K, used 75627K [0x00000000eab00000, 0x00000000f4000000, 0x0000000100000000)
  eden space 65536K, 100% used [0x00000000eab00000,0x00000000eeb00000,0x00000000eeb00000)
  from space 10752K, 93% used [0x00000000eeb00000,0x00000000ef4dadc8,0x00000000ef580000)
  to   space 10752K, 0% used [0x00000000f3580000,0x00000000f3580000,0x00000000f4000000)
 ParOldGen       total 175104K, used 16K [0x00000000c0000000, 0x00000000cab00000, 0x00000000eab00000)
  object space 175104K, 0% used [0x00000000c0000000,0x00000000c0004000,0x00000000cab00000)
 Metaspace       used 6193K, capacity 7090K, committed 7296K, reserved 1056768K
  class space    used 605K, capacity 618K, committed 640K, reserved 1048576K
Event: 1.710 GC heap after
Heap after GC invocations=2 (full 0):
 PSYoungGen      total 141824K, used 10746K [0x00000000eab00000, 0x00000000f4000000, 0x0000000100000000)
  eden space 131072K, 0% used [0x00000000eab00000,0x00000000eab00000,0x00000000f2b00000)
  from space 10752K, 99% used [0x00000000f3580000,0x00000000f3ffebe0,0x00000000f4000000)
  to   space 10752K, 0% used [0x00000000f2b00000,0x00000000f2b00000,0x00000000f3580000)
 ParOldGen       total 175104K, used 6139K [0x00000000c0000000, 0x00000000cab00000, 0x00000000eab00000)
  object space 175104K, 3% used [0x00000000c0000000,0x00000000c05feea8,0x00000000cab00000)
 Metaspace       used 6193K, capacity 7090K, committed 7296K, reserved 1056768K
  class space    used 605K, capacity 618K, committed 640K, reserved 1048576K
}
Event: 2.472 GC heap before
{Heap before GC invocations=3 (full 0):
 PSYoungGen      total 141824K, used 141818K [0x00000000eab00000, 0x00000000f4000000, 0x0000000100000000)
  eden space 131072K, 100% used [0x00000000eab00000,0x00000000f2b00000,0x00000000f2b00000)
  from space 10752K, 99% used [0x00000000f3580000,0x00000000f3ffebe0,0x00000000f4000000)
  to   space 10752K, 0% used [0x00000000f2b00000,0x00000000f2b00000,0x00000000f3580000)
 ParOldGen       total 175104K, used 6139K [0x00000000c0000000, 0x00000000cab00000, 0x00000000eab00000)
  object space 175104K, 3% used [0x00000000c0000000,0x00000000c05feea8,0x00000000cab00000)
 Metaspace       used 6355K, capacity 7154K, committed 7296K, reserved 1056768K
  class space    used 605K, capacity 618K, committed 640K, reserved 1048576K
Event: 2.818 GC heap after
Heap after GC invocations=3 (full 0):
 PSYoungGen      total 141824K, used 10744K [0x00000000eab00000, 0x00000000f4000000, 0x0000000100000000)
  eden space 131072K, 0% used [0x00000000eab00000,0x00000000eab00000,0x00000000f2b00000)
  from space 10752K, 99% used [0x00000000f2b00000,0x00000000f357e0a8,0x00000000f3580000)
  to   space 10752K, 0% used [0x00000000f3580000,0x00000000f3580000,0x00000000f4000000)
 ParOldGen       total 175104K, used 26038K [0x00000000c0000000, 0x00000000cab00000, 0x00000000eab00000)
  object space 175104K, 14% used [0x00000000c0000000,0x00000000c196dba0,0x00000000cab00000)
 Metaspace       used 6355K, capacity 7154K, committed 7296K, reserved 1056768K
  class space    used 605K, capacity 618K, committed 640K, reserved 1048576K
}

Deoptimization events (10 events):
Event: 3.150 Thread 0x0000000056b85800 Uncommon trap: reason=class_check action=maybe_recompile pc=0x0000000002f836b4 method=com.android.dx.cf.code.BytecodeArray.parseInstruction(ILcom/android/dx/cf/code/BytecodeArray$Visitor;)I @ 2399
Event: 3.161 Thread 0x0000000056b85800 Uncommon trap: reason=class_check action=maybe_recompile pc=0x0000000002f836b4 method=com.android.dx.cf.code.BytecodeArray.parseInstruction(ILcom/android/dx/cf/code/BytecodeArray$Visitor;)I @ 2399
Event: 3.629 Thread 0x0000000056b87800 Uncommon trap: reason=bimorphic action=maybe_recompile pc=0x0000000002f82854 method=com.android.dx.cf.code.BytecodeArray.parseInstruction(ILcom/android/dx/cf/code/BytecodeArray$Visitor;)I @ 1161
Event: 3.629 Thread 0x0000000056b87800 Uncommon trap: reason=bimorphic action=maybe_recompile pc=0x0000000002f82854 method=com.android.dx.cf.code.BytecodeArray.parseInstruction(ILcom/android/dx/cf/code/BytecodeArray$Visitor;)I @ 1161
Event: 3.649 Thread 0x0000000056be6800 Uncommon trap: reason=unstable_if action=reinterpret pc=0x0000000002b2c010 method=java.util.HashMap.putVal(ILjava/lang/Object;Ljava/lang/Object;ZZ)Ljava/lang/Object; @ 162
Event: 3.662 Thread 0x0000000056be6800 Uncommon trap: reason=bimorphic action=maybe_recompile pc=0x0000000003010d44 method=com.android.dx.ssa.NormalSsaInsn.accept(Lcom/android/dx/ssa/SsaInsn$Visitor;)V @ 9
Event: 3.662 Thread 0x0000000056be6800 Uncommon trap: reason=bimorphic action=maybe_recompile pc=0x0000000003010d44 method=com.android.dx.ssa.NormalSsaInsn.accept(Lcom/android/dx/ssa/SsaInsn$Visitor;)V @ 9
Event: 3.662 Thread 0x0000000056be6800 Uncommon trap: reason=bimorphic action=maybe_recompile pc=0x0000000003010d44 method=com.android.dx.ssa.NormalSsaInsn.accept(Lcom/android/dx/ssa/SsaInsn$Visitor;)V @ 9
Event: 3.662 Thread 0x0000000056be6800 Uncommon trap: reason=bimorphic action=maybe_recompile pc=0x0000000003010d44 method=com.android.dx.ssa.NormalSsaInsn.accept(Lcom/android/dx/ssa/SsaInsn$Visitor;)V @ 9
Event: 3.865 Thread 0x0000000056be6800 Uncommon trap: reason=unstable_if action=reinterpret pc=0x0000000002cf2730 method=com.android.dx.ssa.MoveParamCombiner$1.visitNonMoveInsn(Lcom/android/dx/ssa/NormalSsaInsn;)V @ 27

Internal exceptions (6 events):
Event: 0.037 Thread 0x0000000002218000 Exception <a 'java/lang/NoSuchMethodError': Method sun.misc.Unsafe.defineClass(Ljava/lang/String;[BII)Ljava/lang/Class; name or signature does not match> (0x00000000eab07cc0) thrown at [C:\re\workspace\8-2-build-windows-amd64-cygwin\jdk8u101\7261\hotspot\sSœ %{1£?
Event: 0.037 Thread 0x0000000002218000 Exception <a 'java/lang/NoSuchMethodError': Method sun.misc.Unsafe.prefetchRead(Ljava/lang/Object;J)V name or signature does not match> (0x00000000eab07fa8) thrown at [C:\re\workspace\8-2-build-windows-amd64-cygwin\jdk8u101\7261\hotspot\src\share\vm\prims\weó¿â@
Event: 2.132 Thread 0x0000000056be6800 Implicit null exception at 0x0000000002d66f64 to 0x0000000002d6856d
Event: 3.650 Thread 0x0000000056be6800 Exception <a 'java/lang/ArrayIndexOutOfBoundsException': 18> (0x00000000ec9ddc68) thrown at [C:\re\workspace\8-2-build-windows-amd64-cygwin\jdk8u101\7261\hotspot\src\share\vm\interpreter\interpreterRuntime.cpp, line 366]
Event: 3.651 Thread 0x0000000056be6800 Exception <a 'java/lang/ArrayIndexOutOfBoundsException': 145> (0x00000000ec9df7e8) thrown at [C:\re\workspace\8-2-build-windows-amd64-cygwin\jdk8u101\7261\hotspot\src\share\vm\interpreter\interpreterRuntime.cpp, line 366]
Event: 3.652 Thread 0x0000000056be6800 Exception <a 'java/lang/ArrayIndexOutOfBoundsException': 40> (0x00000000ec9e0ad0) thrown at [C:\re\workspace\8-2-build-windows-amd64-cygwin\jdk8u101\7261\hotspot\src\share\vm\interpreter\interpreterRuntime.cpp, line 366]

Events (10 events):
Event: 3.867 Thread 0x0000000056be6800 DEOPT PACKING pc=0x0000000002ba28c0 sp=0x000000005971e960
Event: 3.867 Thread 0x0000000056be6800 DEOPT UNPACKING pc=0x000000000285787f sp=0x000000005971e728 mode 0
Event: 3.943 Thread 0x0000000056be6800 DEOPT PACKING pc=0x000000000300e13d sp=0x000000005971eb20
Event: 3.943 Thread 0x0000000056be6800 DEOPT UNPACKING pc=0x000000000285787f sp=0x000000005971e890 mode 0
Event: 4.047 Thread 0x0000000056be6800 DEOPT PACKING pc=0x0000000002ba28c0 sp=0x000000005971e960
Event: 4.047 Thread 0x0000000056be6800 DEOPT UNPACKING pc=0x000000000285787f sp=0x000000005971e728 mode 0
Event: 4.048 Thread 0x0000000056be6800 DEOPT PACKING pc=0x0000000002c32a44 sp=0x000000005971ebb0
Event: 4.048 Thread 0x0000000056be6800 DEOPT UNPACKING pc=0x000000000285787f sp=0x000000005971e890 mode 0
Event: 4.057 Thread 0x0000000056be6800 DEOPT PACKING pc=0x0000000002c8d35c sp=0x000000005971e8a0
Event: 4.057 Thread 0x0000000056be6800 DEOPT UNPACKING pc=0x000000000285787f sp=0x000000005971e5b0 mode 0


Dynamic libraries:
0x000000013f570000 - 0x000000013f5a7000 	C:\Program Files\Java\jdk1.8.0_101\bin\java.exe
0x0000000077840000 - 0x00000000779ea000 	C:\Windows\SYSTEM32\ntdll.dll
0x0000000077620000 - 0x000000007773f000 	C:\Windows\system32\kernel32.dll
0x000007fefd940000 - 0x000007fefd9aa000 	C:\Windows\system32\KERNELBASE.dll
0x000007feff760000 - 0x000007feff83b000 	C:\Windows\system32\ADVAPI32.dll
0x000007feff3f0000 - 0x000007feff48f000 	C:\Windows\system32\msvcrt.dll
0x000007feffa90000 - 0x000007feffaaf000 	C:\Windows\SYSTEM32\sechost.dll
0x000007fefedb0000 - 0x000007fefeedd000 	C:\Windows\system32\RPCRT4.dll
0x0000000077740000 - 0x000000007783a000 	C:\Windows\system32\USER32.dll
0x000007feff670000 - 0x000007feff6d7000 	C:\Windows\system32\GDI32.dll
0x000007fefea60000 - 0x000007fefea6e000 	C:\Windows\system32\LPK.dll
0x000007fefeb00000 - 0x000007fefebca000 	C:\Windows\system32\USP10.dll
0x000007fefc010000 - 0x000007fefc204000 	C:\Windows\WinSxS\amd64_microsoft.windows.common-controls_6595b64144ccf1df_6.0.7601.18837_none_fa3b1e3d17594757\COMCTL32.dll
0x000007feff6e0000 - 0x000007feff751000 	C:\Windows\system32\SHLWAPI.dll
0x000007fefeee0000 - 0x000007fefef0e000 	C:\Windows\system32\IMM32.DLL
0x000007feff8a0000 - 0x000007feff9a9000 	C:\Windows\system32\MSCTF.dll
0x000000006cd70000 - 0x000000006ce42000 	C:\Program Files\Java\jdk1.8.0_101\jre\bin\msvcr100.dll
0x000000005da70000 - 0x000000005e30a000 	C:\Program Files\Java\jdk1.8.0_101\jre\bin\server\jvm.dll
0x000007fef2540000 - 0x000007fef2549000 	C:\Windows\system32\WSOCK32.dll
0x000007feff490000 - 0x000007feff4dd000 	C:\Windows\system32\WS2_32.dll
0x000007fefea70000 - 0x000007fefea78000 	C:\Windows\system32\NSI.dll
0x000007fefb520000 - 0x000007fefb55b000 	C:\Windows\system32\WINMM.dll
0x000007fefc6d0000 - 0x000007fefc6dc000 	C:\Windows\system32\VERSION.dll
0x0000000077a00000 - 0x0000000077a07000 	C:\Windows\system32\PSAPI.DLL
0x0000000074670000 - 0x000000007467f000 	C:\Program Files\Java\jdk1.8.0_101\jre\bin\verify.dll
0x00000000745e0000 - 0x0000000074609000 	C:\Program Files\Java\jdk1.8.0_101\jre\bin\java.dll
0x0000000074620000 - 0x0000000074636000 	C:\Program Files\Java\jdk1.8.0_101\jre\bin\zip.dll
0x000007fefdc10000 - 0x000007fefe999000 	C:\Windows\system32\SHELL32.dll
0x000007feff1e0000 - 0x000007feff3e3000 	C:\Windows\system32\ole32.dll
0x000007fefd600000 - 0x000007fefd60f000 	C:\Windows\system32\profapi.dll

VM Arguments:
jvm_args: -Djava.awt.headless=true -Xmx1024M -Dfile.encoding=windows-1252 -Duser.country=US -Duser.language=en -Duser.variant 
java_command: com.android.dx.command.Main --dex --num-threads=4 --output C:\Users\rgudipati\AndroidStudioProjects\RLab\app\build\intermediates\pre-dexed\release\com.android.support-support-v4-23.4.0_075a22f04d66c8422cca61201ccdd8987754053b.jar C:\Users\rgudipati\AndroidStudioProjects\RLab\app\build\intermediates\exploded-aar\com.android.support\support-v4\23.4.0\jars\classes.jar
java_class_path (initial): C:\Users\rgudipati\AppData\Local\Android\sdk\build-tools\23.0.2\lib\dx.jar
Launcher Type: SUN_STANDARD

Environment Variables:
JAVA_HOME=C:\Program Files (x86)\Java\jdk1.8.0_101
CLASSPATH=C:\Program Files (x86)\Java\jdk1.8.0_101\bin;
PATH=C:\ProgramData\Oracle\Java\javapath;C:\Python27\;C:\Python27\Scripts;C:\Perl64\site\bin;C:\Perl64\bin;C:\tools\activetcl\bin;C:\Windows\system32;C:\Windows;C:\Windows\System32\Wbem;C:\Windows\System32\WindowsPowerShell\v1.0\;C:\ProgramData\chocolatey\bin;C:\Program Files\Java\jdk1.8.0_102\bin;C:\Program Files\MiKTeX 2.9\miktex\bin\x64\;C:\Program Files (x86)\Skype\Phone\;C:\Program Files (x86)\Windows Kits\8.1\Windows Performance Toolkit\;C:\Program Files (x86)\GTK2-Runtime\bin;C:\Program Files\doxygen\bin;C:\Program Files (x86)\GitExtensions\;C:\Program Files\Microsoft\Web Platform Installer\;C:\Program Files (x86)\Microsoft SQL Server\130\Tools\Binn\ManagementStudio\;C:\Program Files (x86)\Microsoft SQL Server\130\Tools\Binn\;C:\Program Files (x86)\Microsoft SQL Server\Client SDK\ODBC\110\Tools\Binn\;C:\Program Files (x86)\Microsoft SQL Server\130\DTS\Binn\;C:\Program Files\Microsoft SQL Server\110\Tools\Binn\;C:\Program Files (x86)\Microchip\xc8\v1.38\bin;C:\Program Files (x86)\PuTTY\;C:\Windows\CCM;C:\Program Files (x86)\Java\jdk1.8.0_101\bin;C:\Program Files\TortoiseGit\bin
USERNAME=rgudipati
OS=Windows_NT
PROCESSOR_IDENTIFIER=Intel64 Family 6 Model 60 Stepping 3, GenuineIntel



---------------  S Y S T E M  ---------------

OS: Windows 7 , 64 bit Build 7601 (6.1.7601.23418)

CPU:total 8 (4 cores per cpu, 2 threads per core) family 6 model 60 stepping 3, cmov, cx8, fxsr, mmx, sse, sse2, sse3, ssse3, sse4.1, sse4.2, popcnt, avx, avx2, aes, clmul, erms, lzcnt, ht, tsc, tscinvbit, bmi1, bmi2

Memory: 4k page, physical 16683148k(1632688k free), swap 20875592k(4984k free)

vm_info: Java HotSpot(TM) 64-Bit Server VM (25.101-b13) for windows-amd64 JRE (1.8.0_101-b13), built on Jun 22 2016 01:21:29 by "java_re" with MS VC++ 10.0 (VS2010)

time: Tue May 23 16:47:13 2017
elapsed time: 4 seconds (0d 0h 0m 4s)

