#
# There is insufficient memory for the Java Runtime Environment to continue.
# Native memory allocation (malloc) failed to allocate 916336 bytes for Chunk::new
# Possible reasons:
#   The system is out of physical RAM or swap space
#   In 32 bit mode, the process size limit was hit
# Possible solutions:
#   Reduce memory load on the system
#   Increase physical memory or swap space
#   Check if swap backing store is full
#   Use 64 bit Java on a 64 bit OS
#   Decrease Java heap size (-Xmx/-Xms)
#   Decrease number of Java threads
#   Decrease Java thread stack sizes (-Xss)
#   Set larger code cache with -XX:ReservedCodeCacheSize=
# This output file may be truncated or incomplete.
#
#  Out of Memory Error (allocation.cpp:390), pid=12676, tid=0x0000000000003630
#
# JRE version: Java(TM) SE Runtime Environment (8.0_101-b13) (build 1.8.0_101-b13)
# Java VM: Java HotSpot(TM) 64-Bit Server VM (25.101-b13 mixed mode windows-amd64 compressed oops)
# Failed to write core dump. Minidumps are not enabled by default on client versions of Windows
#

---------------  T H R E A D  ---------------

Current thread (0x00000000556af800):  JavaThread "C2 CompilerThread2" daemon [_thread_in_native, id=13872, stack(0x0000000058010000,0x0000000058110000)]

Stack: [0x0000000058010000,0x0000000058110000]
[error occurred during error reporting (printing stack bounds), id 0xc0000005]

Native frames: (J=compiled Java code, j=interpreted, Vv=VM code, C=native code)


Current CompileTask:
C2:   4343 1446   !   4       com.android.dx.cf.code.BytecodeArray::parseInstruction (2764 bytes)


---------------  P R O C E S S  ---------------

Java Threads: ( => current thread )
  0x0000000056a4b000 JavaThread "pool-1-thread-4" [_thread_blocked, id=16796, stack(0x0000000058be0000,0x0000000058ce0000)]
  0x00000000569b6000 JavaThread "pool-1-thread-3" [_thread_blocked, id=17256, stack(0x0000000058a30000,0x0000000058b30000)]
  0x00000000569ba000 JavaThread "pool-1-thread-2" [_thread_blocked, id=5712, stack(0x0000000058770000,0x0000000058870000)]
  0x00000000569b2000 JavaThread "pool-2-thread-1" [_thread_blocked, id=5132, stack(0x0000000058870000,0x0000000058970000)]
  0x00000000569bd800 JavaThread "pool-1-thread-1" [_thread_blocked, id=3120, stack(0x0000000058610000,0x0000000058710000)]
  0x00000000568cd800 JavaThread "Service Thread" daemon [_thread_blocked, id=3252, stack(0x00000000583d0000,0x00000000584d0000)]
  0x00000000568c4800 JavaThread "C1 CompilerThread3" daemon [_thread_blocked, id=4764, stack(0x0000000058170000,0x0000000058270000)]
=>0x00000000556af800 JavaThread "C2 CompilerThread2" daemon [_thread_in_native, id=13872, stack(0x0000000058010000,0x0000000058110000)]
  0x00000000556aa800 JavaThread "C2 CompilerThread1" daemon [_thread_in_native, id=17108, stack(0x0000000057cc0000,0x0000000057dc0000)]
  0x0000000056864800 JavaThread "C2 CompilerThread0" daemon [_thread_blocked, id=4180, stack(0x0000000057e80000,0x0000000057f80000)]
  0x0000000056863800 JavaThread "Attach Listener" daemon [_thread_blocked, id=8844, stack(0x00000000578a0000,0x00000000579a0000)]
  0x0000000056862800 JavaThread "Signal Dispatcher" daemon [_thread_blocked, id=8200, stack(0x0000000057aa0000,0x0000000057ba0000)]
  0x00000000556a1800 JavaThread "Finalizer" daemon [_thread_blocked, id=6364, stack(0x0000000057ba0000,0x0000000057ca0000)]
  0x000000005569a000 JavaThread "Reference Handler" daemon [_thread_blocked, id=12328, stack(0x00000000579a0000,0x0000000057aa0000)]
  0x000000000221f800 JavaThread "main" [_thread_blocked, id=9528, stack(0x0000000002550000,0x0000000002650000)]

Other Threads:
  0x0000000056812800 VMThread [stack: 0x00000000577a0000,0x00000000578a0000] [id=13480]
  0x00000000568d4800 WatcherThread [stack: 0x00000000582b0000,0x00000000583b0000] [id=4244]

VM state:not at safepoint (normal execution)

VM Mutex/Monitor currently owned by a thread: None

Heap:
 PSYoungGen      total 76288K, used 48760K [0x00000000eab00000, 0x00000000f0000000, 0x0000000100000000)
  eden space 65536K, 74% used [0x00000000eab00000,0x00000000eda9e148,0x00000000eeb00000)
  from space 10752K, 0% used [0x00000000ef580000,0x00000000ef580000,0x00000000f0000000)
  to   space 10752K, 0% used [0x00000000eeb00000,0x00000000eeb00000,0x00000000ef580000)
 ParOldGen       total 175104K, used 0K [0x00000000c0000000, 0x00000000cab00000, 0x00000000eab00000)
  object space 175104K, 0% used [0x00000000c0000000,0x00000000c0000000,0x00000000cab00000)
 Metaspace       used 5930K, capacity 6960K, committed 7040K, reserved 1056768K
  class space    used 583K, capacity 616K, committed 640K, reserved 1048576K

Card table byte_map: [0x0000000011ce0000,0x0000000011ef0000] byte_map_base: 0x00000000116e0000

Marking Bits: (ParMarkBitMap*) 0x000000005e28a6d0
 Begin Bits: [0x0000000012ab0000, 0x0000000013ab0000)
 End Bits:   [0x0000000013ab0000, 0x0000000014ab0000)

Polling page: 0x0000000000240000

CodeCache: size=245760Kb used=6179Kb max_used=6194Kb free=239580Kb
 bounds [0x0000000002920000, 0x0000000002f40000, 0x0000000011920000]
 total_blobs=1733 nmethods=1470 adapters=175
 compilation: enabled

Compilation events (10 events):
Event: 3.934 Thread 0x00000000568c4800 1467       3       com.android.dx.cf.code.RopperMachine::updateReturnOp (115 bytes)
Event: 3.935 Thread 0x00000000568c4800 nmethod 1467 0x0000000002f23c50 code [0x0000000002f23ee0, 0x0000000002f250f8]
Event: 3.936 Thread 0x00000000556aa800 1469       4       com.android.dx.ssa.SCCP::simulatePhi (169 bytes)
Event: 3.938 Thread 0x00000000568c4800 1472       3       java.util.concurrent.locks.AbstractQueuedSynchronizer::shouldParkAfterFailedAcquire (50 bytes)
Event: 3.938 Thread 0x00000000568c4800 nmethod 1472 0x0000000002f1a150 code [0x0000000002f1a2c0, 0x0000000002f1a5f0]
Event: 4.019 Thread 0x0000000056864800 nmethod 1465 0x0000000002f2a7d0 code [0x0000000002f2aa80, 0x0000000002f2ccc8]
Event: 4.019 Thread 0x0000000056864800 1470       4       com.android.dx.ssa.back.SsaToRop::convertBasicBlock (126 bytes)
Event: 4.068 Thread 0x0000000056864800 nmethod 1470 0x0000000002f2f310 code [0x0000000002f2f560, 0x0000000002f30dd8]
Event: 4.068 Thread 0x0000000056864800 1471       4       com.android.dx.rop.code.LocalItem::compareTo (32 bytes)
Event: 4.070 Thread 0x0000000056864800 nmethod 1471 0x0000000002f1f390 code [0x0000000002f1f4e0, 0x0000000002f1f858]

GC Heap History (0 events):
No events

Deoptimization events (10 events):
Event: 2.282 Thread 0x00000000569bd800 Uncommon trap: reason=bimorphic action=maybe_recompile pc=0x0000000002c94ed4 method=com.android.dx.rop.code.RegisterSpec.equals(ILcom/android/dx/rop/type/TypeBearer;Lcom/android/dx/rop/code/LocalItem;)Z @ 13
Event: 2.291 Thread 0x00000000569bd800 Uncommon trap: reason=class_check action=maybe_recompile pc=0x0000000002bfd278 method=com.android.dx.ssa.SsaBasicBlock.forEachInsn(Lcom/android/dx/ssa/SsaInsn$Visitor;)V @ 23
Event: 2.291 Thread 0x00000000569bd800 Uncommon trap: reason=class_check action=maybe_recompile pc=0x0000000002bfd278 method=com.android.dx.ssa.SsaBasicBlock.forEachInsn(Lcom/android/dx/ssa/SsaInsn$Visitor;)V @ 23
Event: 2.291 Thread 0x00000000569bd800 Uncommon trap: reason=class_check action=maybe_recompile pc=0x0000000002bfd278 method=com.android.dx.ssa.SsaBasicBlock.forEachInsn(Lcom/android/dx/ssa/SsaInsn$Visitor;)V @ 23
Event: 2.291 Thread 0x00000000569bd800 Uncommon trap: reason=class_check action=maybe_recompile pc=0x0000000002bfd278 method=com.android.dx.ssa.SsaBasicBlock.forEachInsn(Lcom/android/dx/ssa/SsaInsn$Visitor;)V @ 23
Event: 2.304 Thread 0x00000000569ba000 Uncommon trap: reason=class_check action=maybe_recompile pc=0x0000000002d01158 method=com.android.dx.rop.type.Type.equals(Ljava/lang/Object;)Z @ 8
Event: 2.304 Thread 0x00000000569ba000 Uncommon trap: reason=null_check action=make_not_entrant pc=0x0000000002d01168 method=com.android.dx.rop.type.Type.equals(Ljava/lang/Object;)Z @ 8
Event: 2.308 Thread 0x00000000569ba000 Uncommon trap: reason=unstable_if action=reinterpret pc=0x0000000002d0ab58 method=com.android.dx.rop.code.RegisterSpec.equals(ILcom/android/dx/rop/type/TypeBearer;Lcom/android/dx/rop/code/LocalItem;)Z @ 16
Event: 2.440 Thread 0x00000000569ba000 Uncommon trap: reason=uninitialized action=reinterpret pc=0x0000000002d841b0 method=com.android.dx.cf.code.BytecodeArray.parseInstruction(ILcom/android/dx/cf/code/BytecodeArray$Visitor;)I @ 871
Event: 2.670 Thread 0x00000000569bd800 Uncommon trap: reason=unstable_if action=reinterpret pc=0x0000000002aa92c4 method=com.android.dx.rop.cst.Constant.compareTo(Lcom/android/dx/rop/cst/Constant;)I @ 12

Internal exceptions (3 events):
Event: 0.069 Thread 0x000000000221f800 Exception <a 'java/lang/NoSuchMethodError': Method sun.misc.Unsafe.defineClass(Ljava/lang/String;[BII)Ljava/lang/Class; name or signature does not match> (0x00000000eab07cc0) thrown at [C:\re\workspace\8-2-build-windows-amd64-cygwin\jdk8u101\7261\hotspot\s®{9f®±?
Event: 0.069 Thread 0x000000000221f800 Exception <a 'java/lang/NoSuchMethodError': Method sun.misc.Unsafe.prefetchRead(Ljava/lang/Object;J)V name or signature does not match> (0x00000000eab07fa8) thrown at [C:\re\workspace\8-2-build-windows-amd64-cygwin\jdk8u101\7261\hotspot\src\share\vm\prims\–,Vo@
Event: 2.304 Thread 0x00000000569ba000 Implicit null exception at 0x0000000002d01052 to 0x0000000002d01159

Events (10 events):
Event: 3.488 Thread 0x00000000569b6000 DEOPT PACKING pc=0x0000000002c1e671 sp=0x0000000058b2e900
Event: 3.488 Thread 0x00000000569b6000 DEOPT UNPACKING pc=0x000000000296787f sp=0x0000000058b2e6c8 mode 0
Event: 3.583 loading class com/android/dx/rop/code/RegisterSpec$1
Event: 3.583 loading class com/android/dx/rop/code/RegisterSpec$1 done
Event: 3.835 loading class com/android/dx/cf/attrib/AttLocalVariableTypeTable
Event: 3.835 loading class com/android/dx/cf/attrib/AttLocalVariableTypeTable done
Event: 3.933 loading class com/android/dx/dex/file/MethodAnnotationStruct
Event: 3.933 loading class com/android/dx/dex/file/MethodAnnotationStruct done
Event: 4.260 Executing VM operation: EnableBiasedLocking
Event: 4.260 Executing VM operation: EnableBiasedLocking done


Dynamic libraries:
0x000000013f570000 - 0x000000013f5a7000 	C:\Program Files\Java\jdk1.8.0_101\bin\java.exe
0x0000000077840000 - 0x00000000779ea000 	C:\Windows\SYSTEM32\ntdll.dll
0x0000000077620000 - 0x000000007773f000 	C:\Windows\system32\kernel32.dll
0x000007fefd940000 - 0x000007fefd9aa000 	C:\Windows\system32\KERNELBASE.dll
0x000007feff760000 - 0x000007feff83b000 	C:\Windows\system32\ADVAPI32.dll
0x000007feff3f0000 - 0x000007feff48f000 	C:\Windows\system32\msvcrt.dll
0x000007feffa90000 - 0x000007feffaaf000 	C:\Windows\SYSTEM32\sechost.dll
0x000007fefedb0000 - 0x000007fefeedd000 	C:\Windows\system32\RPCRT4.dll
0x0000000077740000 - 0x000000007783a000 	C:\Windows\system32\USER32.dll
0x000007feff670000 - 0x000007feff6d7000 	C:\Windows\system32\GDI32.dll
0x000007fefea60000 - 0x000007fefea6e000 	C:\Windows\system32\LPK.dll
0x000007fefeb00000 - 0x000007fefebca000 	C:\Windows\system32\USP10.dll
0x000007fefc010000 - 0x000007fefc204000 	C:\Windows\WinSxS\amd64_microsoft.windows.common-controls_6595b64144ccf1df_6.0.7601.18837_none_fa3b1e3d17594757\COMCTL32.dll
0x000007feff6e0000 - 0x000007feff751000 	C:\Windows\system32\SHLWAPI.dll
0x000007fefeee0000 - 0x000007fefef0e000 	C:\Windows\system32\IMM32.DLL
0x000007feff8a0000 - 0x000007feff9a9000 	C:\Windows\system32\MSCTF.dll
0x000000006cd70000 - 0x000000006ce42000 	C:\Program Files\Java\jdk1.8.0_101\jre\bin\msvcr100.dll
0x000000005da70000 - 0x000000005e30a000 	C:\Program Files\Java\jdk1.8.0_101\jre\bin\server\jvm.dll
0x000007fef2540000 - 0x000007fef2549000 	C:\Windows\system32\WSOCK32.dll
0x000007feff490000 - 0x000007feff4dd000 	C:\Windows\system32\WS2_32.dll
0x000007fefea70000 - 0x000007fefea78000 	C:\Windows\system32\NSI.dll
0x000007fefb520000 - 0x000007fefb55b000 	C:\Windows\system32\WINMM.dll
0x000007fefc6d0000 - 0x000007fefc6dc000 	C:\Windows\system32\VERSION.dll
0x0000000077a00000 - 0x0000000077a07000 	C:\Windows\system32\PSAPI.DLL
0x0000000074670000 - 0x000000007467f000 	C:\Program Files\Java\jdk1.8.0_101\jre\bin\verify.dll
0x00000000745e0000 - 0x0000000074609000 	C:\Program Files\Java\jdk1.8.0_101\jre\bin\java.dll
0x0000000074620000 - 0x0000000074636000 	C:\Program Files\Java\jdk1.8.0_101\jre\bin\zip.dll
0x000007fefdc10000 - 0x000007fefe999000 	C:\Windows\system32\SHELL32.dll
0x000007feff1e0000 - 0x000007feff3e3000 	C:\Windows\system32\ole32.dll
0x000007fefd600000 - 0x000007fefd60f000 	C:\Windows\system32\profapi.dll

VM Arguments:
jvm_args: -Djava.awt.headless=true -Xmx1024M -Dfile.encoding=windows-1252 -Duser.country=US -Duser.language=en -Duser.variant 
java_command: com.android.dx.command.Main --dex --num-threads=4 --output C:\Users\rgudipati\AndroidStudioProjects\RLab\app\build\intermediates\pre-dexed\release\release_98dd3560d7aaaf4d9047e5f70239003c7c085bf8.jar C:\Users\rgudipati\AndroidStudioProjects\RLab\app\build\intermediates\classes\release
java_class_path (initial): C:\Users\rgudipati\AppData\Local\Android\sdk\build-tools\23.0.2\lib\dx.jar
Launcher Type: SUN_STANDARD

Environment Variables:
JAVA_HOME=C:\Program Files (x86)\Java\jdk1.8.0_101
CLASSPATH=C:\Program Files (x86)\Java\jdk1.8.0_101\bin;
PATH=C:\ProgramData\Oracle\Java\javapath;C:\Python27\;C:\Python27\Scripts;C:\Perl64\site\bin;C:\Perl64\bin;C:\tools\activetcl\bin;C:\Windows\system32;C:\Windows;C:\Windows\System32\Wbem;C:\Windows\System32\WindowsPowerShell\v1.0\;C:\ProgramData\chocolatey\bin;C:\Program Files\Java\jdk1.8.0_102\bin;C:\Program Files\MiKTeX 2.9\miktex\bin\x64\;C:\Program Files (x86)\Skype\Phone\;C:\Program Files (x86)\Windows Kits\8.1\Windows Performance Toolkit\;C:\Program Files (x86)\GTK2-Runtime\bin;C:\Program Files\doxygen\bin;C:\Program Files (x86)\GitExtensions\;C:\Program Files\Microsoft\Web Platform Installer\;C:\Program Files (x86)\Microsoft SQL Server\130\Tools\Binn\ManagementStudio\;C:\Program Files (x86)\Microsoft SQL Server\130\Tools\Binn\;C:\Program Files (x86)\Microsoft SQL Server\Client SDK\ODBC\110\Tools\Binn\;C:\Program Files (x86)\Microsoft SQL Server\130\DTS\Binn\;C:\Program Files\Microsoft SQL Server\110\Tools\Binn\;C:\Program Files (x86)\Microchip\xc8\v1.38\bin;C:\Program Files (x86)\PuTTY\;C:\Windows\CCM;C:\Program Files (x86)\Java\jdk1.8.0_101\bin;C:\Program Files\TortoiseGit\bin
USERNAME=rgudipati
OS=Windows_NT
PROCESSOR_IDENTIFIER=Intel64 Family 6 Model 60 Stepping 3, GenuineIntel



---------------  S Y S T E M  ---------------

OS: Windows 7 , 64 bit Build 7601 (6.1.7601.23418)

CPU:total 8 (4 cores per cpu, 2 threads per core) family 6 model 60 stepping 3, cmov, cx8, fxsr, mmx, sse, sse2, sse3, ssse3, sse4.1, sse4.2, popcnt, avx, avx2, aes, clmul, erms, lzcnt, ht, tsc, tscinvbit, bmi1, bmi2

Memory: 4k page, physical 16683148k(1632688k free), swap 20875592k(4972k free)

vm_info: Java HotSpot(TM) 64-Bit Server VM (25.101-b13) for windows-amd64 JRE (1.8.0_101-b13), built on Jun 22 2016 01:21:29 by "java_re" with MS VC++ 10.0 (VS2010)

time: Tue May 23 16:47:13 2017
elapsed time: 4 seconds (0d 0h 0m 4s)

