#
# There is insufficient memory for the Java Runtime Environment to continue.
# Native memory allocation (malloc) failed to allocate 508608 bytes for Chunk::new
# Possible reasons:
#   The system is out of physical RAM or swap space
#   In 32 bit mode, the process size limit was hit
# Possible solutions:
#   Reduce memory load on the system
#   Increase physical memory or swap space
#   Check if swap backing store is full
#   Use 64 bit Java on a 64 bit OS
#   Decrease Java heap size (-Xmx/-Xms)
#   Decrease number of Java threads
#   Decrease Java thread stack sizes (-Xss)
#   Set larger code cache with -XX:ReservedCodeCacheSize=
# This output file may be truncated or incomplete.
#
#  Out of Memory Error (allocation.cpp:390), pid=14500, tid=0x0000000000001ee8
#
# JRE version: Java(TM) SE Runtime Environment (8.0_101-b13) (build 1.8.0_101-b13)
# Java VM: Java HotSpot(TM) 64-Bit Server VM (25.101-b13 mixed mode windows-amd64 compressed oops)
# Failed to write core dump. Minidumps are not enabled by default on client versions of Windows
#

---------------  T H R E A D  ---------------

Current thread (0x000000005688c800):  JavaThread "C2 CompilerThread2" daemon [_thread_in_native, id=7912, stack(0x00000000581b0000,0x00000000582b0000)]

Stack: [0x00000000581b0000,0x00000000582b0000]
[error occurred during error reporting (printing stack bounds), id 0xc0000005]

Native frames: (J=compiled Java code, j=interpreted, Vv=VM code, C=native code)


Current CompileTask:
C2:   2152 1351       4       com.android.dx.ssa.LocalVariableExtractor::processBlock (383 bytes)


---------------  P R O C E S S  ---------------

Java Threads: ( => current thread )
  0x0000000058824800 JavaThread "pool-1-thread-4" [_thread_in_Java, id=10660, stack(0x0000000059830000,0x0000000059930000)]
  0x0000000056a41800 JavaThread "pool-1-thread-3" [_thread_blocked, id=7228, stack(0x0000000059700000,0x0000000059800000)]
  0x0000000056a40800 JavaThread "pool-1-thread-2" [_thread_blocked, id=16152, stack(0x00000000594d0000,0x00000000595d0000)]
  0x0000000056a40000 JavaThread "pool-2-thread-1" [_thread_blocked, id=3908, stack(0x00000000592d0000,0x00000000593d0000)]
  0x0000000056acc800 JavaThread "pool-1-thread-1" [_thread_blocked, id=16640, stack(0x0000000059060000,0x0000000059160000)]
  0x00000000568ac000 JavaThread "Service Thread" daemon [_thread_blocked, id=12500, stack(0x0000000058550000,0x0000000058650000)]
  0x000000005688d000 JavaThread "C1 CompilerThread3" daemon [_thread_blocked, id=6240, stack(0x0000000058380000,0x0000000058480000)]
=>0x000000005688c800 JavaThread "C2 CompilerThread2" daemon [_thread_in_native, id=7912, stack(0x00000000581b0000,0x00000000582b0000)]
  0x0000000056838000 JavaThread "C2 CompilerThread1" daemon [_thread_in_native, id=9924, stack(0x0000000057a00000,0x0000000057b00000)]
  0x000000005682f800 JavaThread "C2 CompilerThread0" daemon [_thread_blocked, id=14200, stack(0x0000000057fb0000,0x00000000580b0000)]
  0x000000005682e000 JavaThread "Attach Listener" daemon [_thread_blocked, id=11100, stack(0x0000000057db0000,0x0000000057eb0000)]
  0x000000005682c800 JavaThread "Signal Dispatcher" daemon [_thread_blocked, id=14076, stack(0x0000000057c30000,0x0000000057d30000)]
  0x000000005566a000 JavaThread "Finalizer" daemon [_thread_blocked, id=6168, stack(0x0000000057b20000,0x0000000057c20000)]
  0x00000000567e3800 JavaThread "Reference Handler" daemon [_thread_blocked, id=3888, stack(0x00000000578f0000,0x00000000579f0000)]
  0x0000000002188000 JavaThread "main" [_thread_in_Java, id=13416, stack(0x0000000002240000,0x0000000002340000)]

Other Threads:
  0x00000000567e1800 VMThread [stack: 0x0000000057780000,0x0000000057880000] [id=6948]
  0x00000000568d6000 WatcherThread [stack: 0x0000000058680000,0x0000000058780000] [id=6892]

VM state:not at safepoint (normal execution)

VM Mutex/Monitor currently owned by a thread: None

Heap:
 PSYoungGen      total 76288K, used 48254K [0x00000000eab00000, 0x00000000f4000000, 0x0000000100000000)
  eden space 65536K, 57% used [0x00000000eab00000,0x00000000ecfba580,0x00000000eeb00000)
  from space 10752K, 99% used [0x00000000eeb00000,0x00000000ef5653d0,0x00000000ef580000)
  to   space 10752K, 0% used [0x00000000f3580000,0x00000000f3580000,0x00000000f4000000)
 ParOldGen       total 175104K, used 8K [0x00000000c0000000, 0x00000000cab00000, 0x00000000eab00000)
  object space 175104K, 0% used [0x00000000c0000000,0x00000000c0002000,0x00000000cab00000)
 Metaspace       used 6173K, capacity 7064K, committed 7424K, reserved 1056768K
  class space    used 619K, capacity 656K, committed 768K, reserved 1048576K

Card table byte_map: [0x0000000011b00000,0x0000000011d10000] byte_map_base: 0x0000000011500000

Marking Bits: (ParMarkBitMap*) 0x000000005e28a6d0
 Begin Bits: [0x0000000012a80000, 0x0000000013a80000)
 End Bits:   [0x0000000013a80000, 0x0000000014a80000)

Polling page: 0x0000000000230000

CodeCache: size=245760Kb used=5484Kb max_used=5484Kb free=240275Kb
 bounds [0x0000000002740000, 0x0000000002ca0000, 0x0000000011740000]
 total_blobs=1757 nmethods=1486 adapters=182
 compilation: disabled (not enough contiguous free space left)

Compilation events (10 events):
Event: 2.073 Thread 0x000000005688d000 1503       2       com.android.dx.ssa.Dominators::<init> (55 bytes)
Event: 2.074 Thread 0x000000005688d000 nmethod 1503 0x0000000002c88d10 code [0x0000000002c88e80, 0x0000000002c89130]
Event: 2.075 Thread 0x000000005682f800 nmethod 1463 0x0000000002c8c8d0 code [0x0000000002c8ca40, 0x0000000002c8d498]
Event: 2.075 Thread 0x000000005682f800 1502       4       com.android.dx.rop.code.RegisterSpec::equals (51 bytes)
Event: 2.078 Thread 0x000000005682f800 nmethod 1502 0x0000000002c8db90 code [0x0000000002c8dce0, 0x0000000002c8e0b8]
Event: 2.078 Thread 0x000000005682f800 1482       4       com.android.dx.ssa.SsaRenamer$BlockRenamer::addMapping (143 bytes)
Event: 2.105 Thread 0x000000005682f800 nmethod 1482 0x0000000002c89450 code [0x0000000002c895e0, 0x0000000002c8a428]
Event: 2.105 Thread 0x000000005682f800 1481       4       com.android.dx.rop.code.RegisterSpec$ForComparison::equals (31 bytes)
Event: 2.109 Thread 0x000000005682f800 nmethod 1481 0x0000000002c90a90 code [0x0000000002c90be0, 0x0000000002c90ff8]
Event: 2.109 Thread 0x000000005682f800 1491       4       com.android.dx.ssa.SsaRenamer$BlockRenamer$RenamingMapper::map (28 bytes)

GC Heap History (2 events):
Event: 1.413 GC heap before
{Heap before GC invocations=1 (full 0):
 PSYoungGen      total 76288K, used 65536K [0x00000000eab00000, 0x00000000f0000000, 0x0000000100000000)
  eden space 65536K, 100% used [0x00000000eab00000,0x00000000eeb00000,0x00000000eeb00000)
  from space 10752K, 0% used [0x00000000ef580000,0x00000000ef580000,0x00000000f0000000)
  to   space 10752K, 0% used [0x00000000eeb00000,0x00000000eeb00000,0x00000000ef580000)
 ParOldGen       total 175104K, used 0K [0x00000000c0000000, 0x00000000cab00000, 0x00000000eab00000)
  object space 175104K, 0% used [0x00000000c0000000,0x00000000c0000000,0x00000000cab00000)
 Metaspace       used 6013K, capacity 6962K, committed 7040K, reserved 1056768K
  class space    used 598K, capacity 618K, committed 640K, reserved 1048576K
Event: 1.657 GC heap after
Heap after GC invocations=1 (full 0):
 PSYoungGen      total 76288K, used 10644K [0x00000000eab00000, 0x00000000f4000000, 0x0000000100000000)
  eden space 65536K, 0% used [0x00000000eab00000,0x00000000eab00000,0x00000000eeb00000)
  from space 10752K, 99% used [0x00000000eeb00000,0x00000000ef5653d0,0x00000000ef580000)
  to   space 10752K, 0% used [0x00000000f3580000,0x00000000f3580000,0x00000000f4000000)
 ParOldGen       total 175104K, used 8K [0x00000000c0000000, 0x00000000cab00000, 0x00000000eab00000)
  object space 175104K, 0% used [0x00000000c0000000,0x00000000c0002000,0x00000000cab00000)
 Metaspace       used 6013K, capacity 6962K, committed 7040K, reserved 1056768K
  class space    used 598K, capacity 618K, committed 640K, reserved 1048576K
}

Deoptimization events (10 events):
Event: 1.340 Thread 0x0000000056acc800 Uncommon trap: reason=bimorphic action=maybe_recompile pc=0x00000000029a56c8 method=java.util.HashMap.getNode(ILjava/lang/Object;)Ljava/util/HashMap$Node; @ 126
Event: 1.340 Thread 0x0000000056acc800 Uncommon trap: reason=bimorphic action=maybe_recompile pc=0x00000000029a56c8 method=java.util.HashMap.getNode(ILjava/lang/Object;)Ljava/util/HashMap$Node; @ 126
Event: 1.340 Thread 0x0000000056acc800 Uncommon trap: reason=bimorphic action=maybe_recompile pc=0x000000000295e18c method=java.util.HashMap.getNode(ILjava/lang/Object;)Ljava/util/HashMap$Node; @ 126
Event: 1.340 Thread 0x0000000056acc800 Uncommon trap: reason=class_check action=maybe_recompile pc=0x0000000002adf7d0 method=java.util.HashMap.putVal(ILjava/lang/Object;Ljava/lang/Object;ZZ)Ljava/lang/Object; @ 203
Event: 1.969 Thread 0x0000000058824800 Uncommon trap: reason=unstable_if action=reinterpret pc=0x0000000002a07a18 method=java.util.HashMap.putVal(ILjava/lang/Object;Ljava/lang/Object;ZZ)Ljava/lang/Object; @ 162
Event: 2.018 Thread 0x0000000058824800 Uncommon trap: reason=unstable_if action=reinterpret pc=0x0000000002bba748 method=java.util.HashMap.getNode(ILjava/lang/Object;)Ljava/util/HashMap$Node; @ 84
Event: 2.060 Thread 0x0000000056a41800 Uncommon trap: reason=bimorphic action=maybe_recompile pc=0x0000000002bcbaec method=com.android.dx.cf.code.BytecodeArray.parseInstruction(ILcom/android/dx/cf/code/BytecodeArray$Visitor;)I @ 971
Event: 2.060 Thread 0x0000000056a41800 Uncommon trap: reason=bimorphic action=maybe_recompile pc=0x0000000002bcbaec method=com.android.dx.cf.code.BytecodeArray.parseInstruction(ILcom/android/dx/cf/code/BytecodeArray$Visitor;)I @ 971
Event: 2.060 Thread 0x0000000056a41800 Uncommon trap: reason=bimorphic action=maybe_recompile pc=0x0000000002bcbaec method=com.android.dx.cf.code.BytecodeArray.parseInstruction(ILcom/android/dx/cf/code/BytecodeArray$Visitor;)I @ 971
Event: 2.060 Thread 0x0000000056a41800 Uncommon trap: reason=bimorphic action=maybe_recompile pc=0x0000000002bcbaec method=com.android.dx.cf.code.BytecodeArray.parseInstruction(ILcom/android/dx/cf/code/BytecodeArray$Visitor;)I @ 971

Internal exceptions (7 events):
Event: 0.046 Thread 0x0000000002188000 Exception <a 'java/lang/NoSuchMethodError': Method sun.misc.Unsafe.defineClass(Ljava/lang/String;[BII)Ljava/lang/Class; name or signature does not match> (0x00000000eab07cc0) thrown at [C:\re\workspace\8-2-build-windows-amd64-cygwin\jdk8u101\7261\hotspot\sÎX{c&y§?
Event: 0.046 Thread 0x0000000002188000 Exception <a 'java/lang/NoSuchMethodError': Method sun.misc.Unsafe.prefetchRead(Ljava/lang/Object;J)V name or signature does not match> (0x00000000eab07fa8) thrown at [C:\re\workspace\8-2-build-windows-amd64-cygwin\jdk8u101\7261\hotspot\src\share\vm\prims\b©µ¼¯î?
Event: 0.959 Thread 0x0000000056a41800 Implicit null exception at 0x00000000029c4a51 to 0x00000000029c6af9
Event: 1.042 Thread 0x0000000058824800 Implicit null exception at 0x00000000029ac852 to 0x00000000029ac94a
Event: 1.970 Thread 0x0000000058824800 Exception <a 'java/lang/ArrayIndexOutOfBoundsException': 18> (0x00000000eb913050) thrown at [C:\re\workspace\8-2-build-windows-amd64-cygwin\jdk8u101\7261\hotspot\src\share\vm\interpreter\interpreterRuntime.cpp, line 366]
Event: 1.970 Thread 0x0000000058824800 Exception <a 'java/lang/ArrayIndexOutOfBoundsException': 145> (0x00000000eb914bd0) thrown at [C:\re\workspace\8-2-build-windows-amd64-cygwin\jdk8u101\7261\hotspot\src\share\vm\interpreter\interpreterRuntime.cpp, line 366]
Event: 1.971 Thread 0x0000000058824800 Exception <a 'java/lang/ArrayIndexOutOfBoundsException': 40> (0x00000000eb915eb8) thrown at [C:\re\workspace\8-2-build-windows-amd64-cygwin\jdk8u101\7261\hotspot\src\share\vm\interpreter\interpreterRuntime.cpp, line 366]

Events (10 events):
Event: 2.060 Thread 0x0000000056a41800 DEOPT UNPACKING pc=0x000000000278582a sp=0x00000000597feaa8 mode 2
Event: 2.060 Thread 0x0000000056a41800 Uncommon trap: trap_request=0xffffffc6 fr.pc=0x0000000002bcbaec
Event: 2.060 Thread 0x0000000056a41800 DEOPT PACKING pc=0x0000000002bcbaec sp=0x00000000597fe890
Event: 2.060 Thread 0x0000000056a41800 DEOPT UNPACKING pc=0x000000000278582a sp=0x00000000597fe868 mode 2
Event: 2.062 Thread 0x0000000056a41800 DEOPT PACKING pc=0x0000000002bf878f sp=0x00000000597fe980
Event: 2.062 Thread 0x0000000056a41800 DEOPT UNPACKING pc=0x000000000278787f sp=0x00000000597fe6c8 mode 0
Event: 2.065 Thread 0x0000000056a41800 DEOPT PACKING pc=0x0000000002bf878f sp=0x00000000597fe8f0
Event: 2.065 Thread 0x0000000056a41800 DEOPT UNPACKING pc=0x000000000278787f sp=0x00000000597fe638 mode 0
Event: 2.069 Thread 0x0000000056a41800 DEOPT PACKING pc=0x0000000002bf878f sp=0x00000000597fea70
Event: 2.069 Thread 0x0000000056a41800 DEOPT UNPACKING pc=0x000000000278787f sp=0x00000000597fe7b8 mode 0


Dynamic libraries:
0x000000013f570000 - 0x000000013f5a7000 	C:\Program Files\Java\jdk1.8.0_101\bin\java.exe
0x0000000077840000 - 0x00000000779ea000 	C:\Windows\SYSTEM32\ntdll.dll
0x0000000077620000 - 0x000000007773f000 	C:\Windows\system32\kernel32.dll
0x000007fefd940000 - 0x000007fefd9aa000 	C:\Windows\system32\KERNELBASE.dll
0x000007feff760000 - 0x000007feff83b000 	C:\Windows\system32\ADVAPI32.dll
0x000007feff3f0000 - 0x000007feff48f000 	C:\Windows\system32\msvcrt.dll
0x000007feffa90000 - 0x000007feffaaf000 	C:\Windows\SYSTEM32\sechost.dll
0x000007fefedb0000 - 0x000007fefeedd000 	C:\Windows\system32\RPCRT4.dll
0x0000000077740000 - 0x000000007783a000 	C:\Windows\system32\USER32.dll
0x000007feff670000 - 0x000007feff6d7000 	C:\Windows\system32\GDI32.dll
0x000007fefea60000 - 0x000007fefea6e000 	C:\Windows\system32\LPK.dll
0x000007fefeb00000 - 0x000007fefebca000 	C:\Windows\system32\USP10.dll
0x000007fefc010000 - 0x000007fefc204000 	C:\Windows\WinSxS\amd64_microsoft.windows.common-controls_6595b64144ccf1df_6.0.7601.18837_none_fa3b1e3d17594757\COMCTL32.dll
0x000007feff6e0000 - 0x000007feff751000 	C:\Windows\system32\SHLWAPI.dll
0x000007fefeee0000 - 0x000007fefef0e000 	C:\Windows\system32\IMM32.DLL
0x000007feff8a0000 - 0x000007feff9a9000 	C:\Windows\system32\MSCTF.dll
0x000000006cd70000 - 0x000000006ce42000 	C:\Program Files\Java\jdk1.8.0_101\jre\bin\msvcr100.dll
0x000000005da70000 - 0x000000005e30a000 	C:\Program Files\Java\jdk1.8.0_101\jre\bin\server\jvm.dll
0x000007fef2540000 - 0x000007fef2549000 	C:\Windows\system32\WSOCK32.dll
0x000007feff490000 - 0x000007feff4dd000 	C:\Windows\system32\WS2_32.dll
0x000007fefea70000 - 0x000007fefea78000 	C:\Windows\system32\NSI.dll
0x000007fefb520000 - 0x000007fefb55b000 	C:\Windows\system32\WINMM.dll
0x000007fefc6d0000 - 0x000007fefc6dc000 	C:\Windows\system32\VERSION.dll
0x0000000077a00000 - 0x0000000077a07000 	C:\Windows\system32\PSAPI.DLL
0x0000000074670000 - 0x000000007467f000 	C:\Program Files\Java\jdk1.8.0_101\jre\bin\verify.dll
0x00000000745e0000 - 0x0000000074609000 	C:\Program Files\Java\jdk1.8.0_101\jre\bin\java.dll
0x0000000074620000 - 0x0000000074636000 	C:\Program Files\Java\jdk1.8.0_101\jre\bin\zip.dll
0x000007fefdc10000 - 0x000007fefe999000 	C:\Windows\system32\SHELL32.dll
0x000007feff1e0000 - 0x000007feff3e3000 	C:\Windows\system32\ole32.dll
0x000007fefd600000 - 0x000007fefd60f000 	C:\Windows\system32\profapi.dll

VM Arguments:
jvm_args: -Djava.awt.headless=true -Xmx1024M -Dfile.encoding=windows-1252 -Duser.country=US -Duser.language=en -Duser.variant 
java_command: com.android.dx.command.Main --dex --num-threads=4 --output C:\Users\rgudipati\AndroidStudioProjects\RLab\app\build\intermediates\pre-dexed\release\com.androidplot-androidplot-core-0.9.8_bde25006728ad28203cfa065ccfa1172df113721.jar C:\Users\rgudipati\AndroidStudioProjects\RLab\app\build\intermediates\exploded-aar\com.androidplot\androidplot-core\0.9.8\jars\classes.jar
java_class_path (initial): C:\Users\rgudipati\AppData\Local\Android\sdk\build-tools\23.0.2\lib\dx.jar
Launcher Type: SUN_STANDARD

Environment Variables:
JAVA_HOME=C:\Program Files (x86)\Java\jdk1.8.0_101
CLASSPATH=C:\Program Files (x86)\Java\jdk1.8.0_101\bin;
PATH=C:\ProgramData\Oracle\Java\javapath;C:\Python27\;C:\Python27\Scripts;C:\Perl64\site\bin;C:\Perl64\bin;C:\tools\activetcl\bin;C:\Windows\system32;C:\Windows;C:\Windows\System32\Wbem;C:\Windows\System32\WindowsPowerShell\v1.0\;C:\ProgramData\chocolatey\bin;C:\Program Files\Java\jdk1.8.0_102\bin;C:\Program Files\MiKTeX 2.9\miktex\bin\x64\;C:\Program Files (x86)\Skype\Phone\;C:\Program Files (x86)\Windows Kits\8.1\Windows Performance Toolkit\;C:\Program Files (x86)\GTK2-Runtime\bin;C:\Program Files\doxygen\bin;C:\Program Files (x86)\GitExtensions\;C:\Program Files\Microsoft\Web Platform Installer\;C:\Program Files (x86)\Microsoft SQL Server\130\Tools\Binn\ManagementStudio\;C:\Program Files (x86)\Microsoft SQL Server\130\Tools\Binn\;C:\Program Files (x86)\Microsoft SQL Server\Client SDK\ODBC\110\Tools\Binn\;C:\Program Files (x86)\Microsoft SQL Server\130\DTS\Binn\;C:\Program Files\Microsoft SQL Server\110\Tools\Binn\;C:\Program Files (x86)\Microchip\xc8\v1.38\bin;C:\Program Files (x86)\PuTTY\;C:\Windows\CCM;C:\Program Files (x86)\Java\jdk1.8.0_101\bin;C:\Program Files\TortoiseGit\bin
USERNAME=rgudipati
OS=Windows_NT
PROCESSOR_IDENTIFIER=Intel64 Family 6 Model 60 Stepping 3, GenuineIntel



---------------  S Y S T E M  ---------------

OS: Windows 7 , 64 bit Build 7601 (6.1.7601.23418)

CPU:total 8 (4 cores per cpu, 2 threads per core) family 6 model 60 stepping 3, cmov, cx8, fxsr, mmx, sse, sse2, sse3, ssse3, sse4.1, sse4.2, popcnt, avx, avx2, aes, clmul, erms, lzcnt, ht, tsc, tscinvbit, bmi1, bmi2

Memory: 4k page, physical 16683148k(1632692k free), swap 20875592k(4984k free)

vm_info: Java HotSpot(TM) 64-Bit Server VM (25.101-b13) for windows-amd64 JRE (1.8.0_101-b13), built on Jun 22 2016 01:21:29 by "java_re" with MS VC++ 10.0 (VS2010)

time: Tue May 23 16:47:13 2017
elapsed time: 2 seconds (0d 0h 0m 2s)

