#
# There is insufficient memory for the Java Runtime Environment to continue.
# Native memory allocation (malloc) failed to allocate 184656 bytes for Chunk::new
# Possible reasons:
#   The system is out of physical RAM or swap space
#   In 32 bit mode, the process size limit was hit
# Possible solutions:
#   Reduce memory load on the system
#   Increase physical memory or swap space
#   Check if swap backing store is full
#   Use 64 bit Java on a 64 bit OS
#   Decrease Java heap size (-Xmx/-Xms)
#   Decrease number of Java threads
#   Decrease Java thread stack sizes (-Xss)
#   Set larger code cache with -XX:ReservedCodeCacheSize=
# This output file may be truncated or incomplete.
#
#  Out of Memory Error (allocation.cpp:390), pid=14480, tid=0x0000000000003cb0
#
# JRE version: Java(TM) SE Runtime Environment (8.0_101-b13) (build 1.8.0_101-b13)
# Java VM: Java HotSpot(TM) 64-Bit Server VM (25.101-b13 mixed mode windows-amd64 compressed oops)
# Failed to write core dump. Minidumps are not enabled by default on client versions of Windows
#

---------------  T H R E A D  ---------------

Current thread (0x0000000056816800):  JavaThread "C2 CompilerThread0" daemon [_thread_in_native, id=15536, stack(0x0000000057fb0000,0x00000000580b0000)]

Stack: [0x0000000057fb0000,0x00000000580b0000]
[error occurred during error reporting (printing stack bounds), id 0xc0000005]

Native frames: (J=compiled Java code, j=interpreted, Vv=VM code, C=native code)


Current CompileTask:
C2:    520  559       4       com.android.dx.ssa.NormalSsaInsn::accept (25 bytes)


---------------  P R O C E S S  ---------------

Java Threads: ( => current thread )
  0x0000000056a99000 JavaThread "pool-1-thread-4" [_thread_blocked, id=11904, stack(0x0000000058e00000,0x0000000058f00000)]
  0x0000000056a96000 JavaThread "pool-1-thread-3" [_thread_blocked, id=648, stack(0x0000000057b70000,0x0000000057c70000)]
  0x0000000056a1f000 JavaThread "pool-1-thread-2" [_thread_blocked, id=15356, stack(0x0000000058840000,0x0000000058940000)]
  0x0000000056a1d000 JavaThread "pool-2-thread-1" [_thread_blocked, id=17172, stack(0x0000000058b80000,0x0000000058c80000)]
  0x0000000056a1a800 JavaThread "pool-1-thread-1" [_thread_blocked, id=10156, stack(0x00000000589d0000,0x0000000058ad0000)]
  0x00000000568bd800 JavaThread "Service Thread" daemon [_thread_blocked, id=7924, stack(0x00000000583e0000,0x00000000584e0000)]
  0x000000005682a000 JavaThread "C1 CompilerThread3" daemon [_thread_in_vm, id=11488, stack(0x0000000058530000,0x0000000058630000)]
  0x000000005576f000 JavaThread "C2 CompilerThread2" daemon [_thread_in_native, id=5880, stack(0x00000000582d0000,0x00000000583d0000)]
  0x000000005576a000 JavaThread "C2 CompilerThread1" daemon [_thread_in_native, id=1456, stack(0x00000000580d0000,0x00000000581d0000)]
=>0x0000000056816800 JavaThread "C2 CompilerThread0" daemon [_thread_in_native, id=15536, stack(0x0000000057fb0000,0x00000000580b0000)]
  0x0000000056815800 JavaThread "Attach Listener" daemon [_thread_blocked, id=11396, stack(0x00000000578f0000,0x00000000579f0000)]
  0x0000000056814000 JavaThread "Signal Dispatcher" daemon [_thread_blocked, id=12676, stack(0x0000000057de0000,0x0000000057ee0000)]
  0x0000000055762800 JavaThread "Finalizer" daemon [_thread_blocked, id=15720, stack(0x0000000057c80000,0x0000000057d80000)]
  0x000000005575a800 JavaThread "Reference Handler" daemon [_thread_blocked, id=11564, stack(0x0000000057a70000,0x0000000057b70000)]
  0x00000000021d8000 JavaThread "main" [_thread_blocked, id=9832, stack(0x0000000002420000,0x0000000002520000)]

Other Threads:
  0x00000000567c2800 VMThread [stack: 0x00000000577d0000,0x00000000578d0000] [id=9268]
  0x00000000568c5800 WatcherThread [stack: 0x0000000058720000,0x0000000058820000] [id=7776]

VM state:synchronizing (normal execution)

VM Mutex/Monitor currently owned by a thread:  ([mutex/lock_event])
[0x000000000016dc60] Threads_lock - owner thread: 0x00000000567c2800
[0x000000000016e2e0] CompiledIC_lock - owner thread: 0x0000000056a96000

Heap:
 PSYoungGen      total 76288K, used 18355K [0x00000000eab00000, 0x00000000f0000000, 0x0000000100000000)
  eden space 65536K, 28% used [0x00000000eab00000,0x00000000ebcecf68,0x00000000eeb00000)
  from space 10752K, 0% used [0x00000000ef580000,0x00000000ef580000,0x00000000f0000000)
  to   space 10752K, 0% used [0x00000000eeb00000,0x00000000eeb00000,0x00000000ef580000)
 ParOldGen       total 175104K, used 0K [0x00000000c0000000, 0x00000000cab00000, 0x00000000eab00000)
  object space 175104K, 0% used [0x00000000c0000000,0x00000000c0000000,0x00000000cab00000)
 Metaspace       used 5720K, capacity 6704K, committed 6784K, reserved 1056768K
  class space    used 601K, capacity 616K, committed 640K, reserved 1048576K

Card table byte_map: [0x0000000011bb0000,0x0000000011dc0000] byte_map_base: 0x00000000115b0000

Marking Bits: (ParMarkBitMap*) 0x000000005e28a6d0
 Begin Bits: [0x0000000012b70000, 0x0000000013b70000)
 End Bits:   [0x0000000013b70000, 0x0000000014b70000)

Polling page: 0x0000000000130000

CodeCache: size=245760Kb used=2488Kb max_used=2488Kb free=243271Kb
 bounds [0x00000000027f0000, 0x0000000002a60000, 0x00000000117f0000]
 total_blobs=920 nmethods=650 adapters=182
 compilation: disabled (not enough contiguous free space left)

Compilation events (10 events):
Event: 0.487 Thread 0x000000005682a000  644       3       com.android.dx.ssa.SsaMethod::onSourcesChanged (69 bytes)
Event: 0.488 Thread 0x000000005682a000 nmethod 644 0x0000000002a4b5d0 code [0x0000000002a4b7e0, 0x0000000002a4c3d8]
Event: 0.488 Thread 0x000000005682a000  658       3       java.util.BitSet::nextSetBit (102 bytes)
Event: 0.489 Thread 0x000000005682a000 nmethod 658 0x0000000002a4ca90 code [0x0000000002a4cca0, 0x0000000002a4d758]
Event: 0.489 Thread 0x000000005682a000  659   !   3       com.android.dx.ssa.LocalVariableInfo::getStarts0 (18 bytes)
Event: 0.489 Thread 0x000000005682a000 nmethod 659 0x0000000002a4dd10 code [0x0000000002a4de80, 0x0000000002a4e0e8]
Event: 0.489 Thread 0x000000005682a000  641       3       com.android.dx.rop.code.RegisterSpecSet::<init> (27 bytes)
Event: 0.489 Thread 0x000000005682a000 nmethod 641 0x0000000002a51410 code [0x0000000002a51580, 0x0000000002a51890]
Event: 0.489 Thread 0x000000005682a000  651       3       com.android.dx.util.LabeledList::set (45 bytes)
Event: 0.489 Thread 0x000000005576f000 nmethod 654 0x0000000002a51990 code [0x0000000002a51b00, 0x0000000002a52078]

GC Heap History (0 events):
No events

Deoptimization events (6 events):
Event: 0.403 Thread 0x0000000056a96000 Uncommon trap: reason=unstable_if action=reinterpret pc=0x00000000029dff50 method=java.util.HashMap.getNode(ILjava/lang/Object;)Ljava/util/HashMap$Node; @ 129
Event: 0.420 Thread 0x0000000056a96000 Uncommon trap: reason=class_check action=maybe_recompile pc=0x0000000002a02720 method=com.android.dx.ssa.NormalSsaInsn.accept(Lcom/android/dx/ssa/SsaInsn$Visitor;)V @ 9
Event: 0.420 Thread 0x0000000056a96000 Uncommon trap: reason=class_check action=maybe_recompile pc=0x0000000002a02720 method=com.android.dx.ssa.NormalSsaInsn.accept(Lcom/android/dx/ssa/SsaInsn$Visitor;)V @ 9
Event: 0.420 Thread 0x0000000056a96000 Uncommon trap: reason=class_check action=maybe_recompile pc=0x0000000002a02720 method=com.android.dx.ssa.NormalSsaInsn.accept(Lcom/android/dx/ssa/SsaInsn$Visitor;)V @ 9
Event: 0.421 Thread 0x0000000056a96000 Uncommon trap: reason=class_check action=maybe_recompile pc=0x0000000002a02720 method=com.android.dx.ssa.NormalSsaInsn.accept(Lcom/android/dx/ssa/SsaInsn$Visitor;)V @ 9
Event: 0.488 Thread 0x0000000056a96000 Uncommon trap: reason=unstable_if action=reinterpret pc=0x00000000029e7ba0 method=java.util.BitSet.nextSetBit(I)I @ 87

Internal exceptions (2 events):
Event: 0.042 Thread 0x00000000021d8000 Exception <a 'java/lang/NoSuchMethodError': Method sun.misc.Unsafe.defineClass(Ljava/lang/String;[BII)Ljava/lang/Class; name or signature does not match> (0x00000000eab07cc0) thrown at [C:\re\workspace\8-2-build-windows-amd64-cygwin\jdk8u101\7261\hotspot\s-ÃöR¥?
Event: 0.042 Thread 0x00000000021d8000 Exception <a 'java/lang/NoSuchMethodError': Method sun.misc.Unsafe.prefetchRead(Ljava/lang/Object;J)V name or signature does not match> (0x00000000eab07fa8) thrown at [C:\re\workspace\8-2-build-windows-amd64-cygwin\jdk8u101\7261\hotspot\src\share\vm\prims\

Events (10 events):
Event: 0.437 loading class com/android/dx/dex/file/UniformListItem done
Event: 0.438 loading class com/android/dx/dex/file/AnnotationSetRefItem
Event: 0.438 loading class com/android/dx/dex/file/AnnotationSetRefItem done
Event: 0.444 loading class java/util/ArrayList$1
Event: 0.444 loading class java/util/ArrayList$1 done
Event: 0.480 loading class com/android/dx/dex/file/MethodAnnotationStruct
Event: 0.480 loading class com/android/dx/dex/file/MethodAnnotationStruct done
Event: 0.488 Thread 0x0000000056a96000 Uncommon trap: trap_request=0xffffff65 fr.pc=0x00000000029e7ba0
Event: 0.488 Thread 0x0000000056a96000 DEOPT PACKING pc=0x00000000029e7ba0 sp=0x0000000057c6eaf0
Event: 0.488 Thread 0x0000000056a96000 DEOPT UNPACKING pc=0x000000000283582a sp=0x0000000057c6ea88 mode 2


Dynamic libraries:
0x000000013ff70000 - 0x000000013ffa7000 	C:\Program Files\Java\jdk1.8.0_101\bin\java.exe
0x0000000077840000 - 0x00000000779ea000 	C:\Windows\SYSTEM32\ntdll.dll
0x0000000077620000 - 0x000000007773f000 	C:\Windows\system32\kernel32.dll
0x000007fefd940000 - 0x000007fefd9aa000 	C:\Windows\system32\KERNELBASE.dll
0x000007feff760000 - 0x000007feff83b000 	C:\Windows\system32\ADVAPI32.dll
0x000007feff3f0000 - 0x000007feff48f000 	C:\Windows\system32\msvcrt.dll
0x000007feffa90000 - 0x000007feffaaf000 	C:\Windows\SYSTEM32\sechost.dll
0x000007fefedb0000 - 0x000007fefeedd000 	C:\Windows\system32\RPCRT4.dll
0x0000000077740000 - 0x000000007783a000 	C:\Windows\system32\USER32.dll
0x000007feff670000 - 0x000007feff6d7000 	C:\Windows\system32\GDI32.dll
0x000007fefea60000 - 0x000007fefea6e000 	C:\Windows\system32\LPK.dll
0x000007fefeb00000 - 0x000007fefebca000 	C:\Windows\system32\USP10.dll
0x000007fefc010000 - 0x000007fefc204000 	C:\Windows\WinSxS\amd64_microsoft.windows.common-controls_6595b64144ccf1df_6.0.7601.18837_none_fa3b1e3d17594757\COMCTL32.dll
0x000007feff6e0000 - 0x000007feff751000 	C:\Windows\system32\SHLWAPI.dll
0x000007fefeee0000 - 0x000007fefef0e000 	C:\Windows\system32\IMM32.DLL
0x000007feff8a0000 - 0x000007feff9a9000 	C:\Windows\system32\MSCTF.dll
0x000000006cd70000 - 0x000000006ce42000 	C:\Program Files\Java\jdk1.8.0_101\jre\bin\msvcr100.dll
0x000000005da70000 - 0x000000005e30a000 	C:\Program Files\Java\jdk1.8.0_101\jre\bin\server\jvm.dll
0x000007fef2540000 - 0x000007fef2549000 	C:\Windows\system32\WSOCK32.dll
0x000007feff490000 - 0x000007feff4dd000 	C:\Windows\system32\WS2_32.dll
0x000007fefea70000 - 0x000007fefea78000 	C:\Windows\system32\NSI.dll
0x000007fefb520000 - 0x000007fefb55b000 	C:\Windows\system32\WINMM.dll
0x000007fefc6d0000 - 0x000007fefc6dc000 	C:\Windows\system32\VERSION.dll
0x0000000077a00000 - 0x0000000077a07000 	C:\Windows\system32\PSAPI.DLL
0x0000000074670000 - 0x000000007467f000 	C:\Program Files\Java\jdk1.8.0_101\jre\bin\verify.dll
0x00000000745e0000 - 0x0000000074609000 	C:\Program Files\Java\jdk1.8.0_101\jre\bin\java.dll
0x0000000074620000 - 0x0000000074636000 	C:\Program Files\Java\jdk1.8.0_101\jre\bin\zip.dll
0x000007fefdc10000 - 0x000007fefe999000 	C:\Windows\system32\SHELL32.dll
0x000007feff1e0000 - 0x000007feff3e3000 	C:\Windows\system32\ole32.dll
0x000007fefd600000 - 0x000007fefd60f000 	C:\Windows\system32\profapi.dll

VM Arguments:
jvm_args: -Djava.awt.headless=true -Xmx1024M -Dfile.encoding=windows-1252 -Duser.country=US -Duser.language=en -Duser.variant 
java_command: com.android.dx.command.Main --dex --num-threads=4 --output C:\Users\rgudipati\AndroidStudioProjects\RLab\app\build\intermediates\pre-dexed\release\com.android.support-support-vector-drawable-23.4.0_a64906e9600e35a803ff18c3ab95fea1f8b41bbc.jar C:\Users\rgudipati\AndroidStudioProjects\RLab\app\build\intermediates\exploded-aar\com.android.support\support-vector-drawable\23.4.0\jars\classes.jar
java_class_path (initial): C:\Users\rgudipati\AppData\Local\Android\sdk\build-tools\23.0.2\lib\dx.jar
Launcher Type: SUN_STANDARD

Environment Variables:
JAVA_HOME=C:\Program Files (x86)\Java\jdk1.8.0_101
CLASSPATH=C:\Program Files (x86)\Java\jdk1.8.0_101\bin;
PATH=C:\ProgramData\Oracle\Java\javapath;C:\Python27\;C:\Python27\Scripts;C:\Perl64\site\bin;C:\Perl64\bin;C:\tools\activetcl\bin;C:\Windows\system32;C:\Windows;C:\Windows\System32\Wbem;C:\Windows\System32\WindowsPowerShell\v1.0\;C:\ProgramData\chocolatey\bin;C:\Program Files\Java\jdk1.8.0_102\bin;C:\Program Files\MiKTeX 2.9\miktex\bin\x64\;C:\Program Files (x86)\Skype\Phone\;C:\Program Files (x86)\Windows Kits\8.1\Windows Performance Toolkit\;C:\Program Files (x86)\GTK2-Runtime\bin;C:\Program Files\doxygen\bin;C:\Program Files (x86)\GitExtensions\;C:\Program Files\Microsoft\Web Platform Installer\;C:\Program Files (x86)\Microsoft SQL Server\130\Tools\Binn\ManagementStudio\;C:\Program Files (x86)\Microsoft SQL Server\130\Tools\Binn\;C:\Program Files (x86)\Microsoft SQL Server\Client SDK\ODBC\110\Tools\Binn\;C:\Program Files (x86)\Microsoft SQL Server\130\DTS\Binn\;C:\Program Files\Microsoft SQL Server\110\Tools\Binn\;C:\Program Files (x86)\Microchip\xc8\v1.38\bin;C:\Program Files (x86)\PuTTY\;C:\Windows\CCM;C:\Program Files (x86)\Java\jdk1.8.0_101\bin;C:\Program Files\TortoiseGit\bin
USERNAME=rgudipati
OS=Windows_NT
PROCESSOR_IDENTIFIER=Intel64 Family 6 Model 60 Stepping 3, GenuineIntel



---------------  S Y S T E M  ---------------

OS: Windows 7 , 64 bit Build 7601 (6.1.7601.23418)

CPU:total 8 (4 cores per cpu, 2 threads per core) family 6 model 60 stepping 3, cmov, cx8, fxsr, mmx, sse, sse2, sse3, ssse3, sse4.1, sse4.2, popcnt, avx, avx2, aes, clmul, erms, lzcnt, ht, tsc, tscinvbit, bmi1, bmi2

Memory: 4k page, physical 16683148k(1556444k free), swap 20875592k(4776k free)

vm_info: Java HotSpot(TM) 64-Bit Server VM (25.101-b13) for windows-amd64 JRE (1.8.0_101-b13), built on Jun 22 2016 01:21:29 by "java_re" with MS VC++ 10.0 (VS2010)

time: Tue May 23 15:33:21 2017
elapsed time: 0 seconds (0d 0h 0m 0s)

