#
# There is insufficient memory for the Java Runtime Environment to continue.
# Native memory allocation (malloc) failed to allocate 1097776 bytes for Chunk::new
# Possible reasons:
#   The system is out of physical RAM or swap space
#   In 32 bit mode, the process size limit was hit
# Possible solutions:
#   Reduce memory load on the system
#   Increase physical memory or swap space
#   Check if swap backing store is full
#   Use 64 bit Java on a 64 bit OS
#   Decrease Java heap size (-Xmx/-Xms)
#   Decrease number of Java threads
#   Decrease Java thread stack sizes (-Xss)
#   Set larger code cache with -XX:ReservedCodeCacheSize=
# This output file may be truncated or incomplete.
#
#  Out of Memory Error (allocation.cpp:390), pid=5024, tid=0x000000000000295c
#
# JRE version: Java(TM) SE Runtime Environment (8.0_101-b13) (build 1.8.0_101-b13)
# Java VM: Java HotSpot(TM) 64-Bit Server VM (25.101-b13 mixed mode windows-amd64 compressed oops)
# Failed to write core dump. Minidumps are not enabled by default on client versions of Windows
#

---------------  T H R E A D  ---------------

Current thread (0x00000000567bf000):  JavaThread "C2 CompilerThread0" daemon [_thread_in_native, id=10588, stack(0x0000000057df0000,0x0000000057ef0000)]

Stack: [0x0000000057df0000,0x0000000057ef0000]
[error occurred during error reporting (printing stack bounds), id 0xc0000005]

Native frames: (J=compiled Java code, j=interpreted, Vv=VM code, C=native code)


Current CompileTask:
C2:   4126 1682       4       com.android.dx.rop.code.Rops::ropFor (771 bytes)


---------------  P R O C E S S  ---------------

Java Threads: ( => current thread )
  0x00000000569ce800 JavaThread "pool-1-thread-4" [_thread_blocked, id=8536, stack(0x0000000058da0000,0x0000000058ea0000)]
  0x00000000569cc000 JavaThread "pool-1-thread-3" [_thread_in_Java, id=2552, stack(0x0000000058c10000,0x0000000058d10000)]
  0x00000000569cb000 JavaThread "pool-1-thread-2" [_thread_blocked, id=16500, stack(0x0000000058ac0000,0x0000000058bc0000)]
  0x00000000569ca800 JavaThread "pool-2-thread-1" [_thread_blocked, id=15136, stack(0x00000000588f0000,0x00000000589f0000)]
  0x00000000569c9800 JavaThread "pool-1-thread-1" [_thread_blocked, id=13724, stack(0x0000000058730000,0x0000000058830000)]
  0x0000000056831000 JavaThread "Service Thread" daemon [_thread_blocked, id=17100, stack(0x0000000058230000,0x0000000058330000)]
  0x0000000056826800 JavaThread "C1 CompilerThread3" daemon [_thread_blocked, id=10388, stack(0x0000000058350000,0x0000000058450000)]
  0x0000000056825800 JavaThread "C2 CompilerThread2" daemon [_thread_in_native, id=16396, stack(0x00000000580d0000,0x00000000581d0000)]
  0x0000000056825000 JavaThread "C2 CompilerThread1" daemon [_thread_in_native, id=16104, stack(0x0000000057f40000,0x0000000058040000)]
=>0x00000000567bf000 JavaThread "C2 CompilerThread0" daemon [_thread_in_native, id=10588, stack(0x0000000057df0000,0x0000000057ef0000)]
  0x00000000567bc000 JavaThread "Attach Listener" daemon [_thread_blocked, id=16508, stack(0x0000000012760000,0x0000000012860000)]
  0x00000000567ba800 JavaThread "Signal Dispatcher" daemon [_thread_blocked, id=7972, stack(0x0000000057c10000,0x0000000057d10000)]
  0x000000005570f800 JavaThread "Finalizer" daemon [_thread_blocked, id=3644, stack(0x0000000057a90000,0x0000000057b90000)]
  0x0000000055707000 JavaThread "Reference Handler" daemon [_thread_blocked, id=15196, stack(0x0000000057900000,0x0000000057a00000)]
  0x0000000002118000 JavaThread "main" [_thread_blocked, id=3720, stack(0x0000000002400000,0x0000000002500000)]

Other Threads:
  0x0000000056772800 VMThread [stack: 0x0000000057730000,0x0000000057830000] [id=5948]
  0x000000005684a800 WatcherThread [stack: 0x0000000058570000,0x0000000058670000] [id=8288]

VM state:not at safepoint (normal execution)

VM Mutex/Monitor currently owned by a thread: None

Heap:
 PSYoungGen      total 141824K, used 15832K [0x00000000eab00000, 0x00000000f4000000, 0x0000000100000000)
  eden space 131072K, 3% used [0x00000000eab00000,0x00000000eaffb218,0x00000000f2b00000)
  from space 10752K, 99% used [0x00000000f3580000,0x00000000f3ffb1a8,0x00000000f4000000)
  to   space 10752K, 0% used [0x00000000f2b00000,0x00000000f2b00000,0x00000000f3580000)
 ParOldGen       total 175104K, used 5949K [0x00000000c0000000, 0x00000000cab00000, 0x00000000eab00000)
  object space 175104K, 3% used [0x00000000c0000000,0x00000000c05cf658,0x00000000cab00000)
 Metaspace       used 6253K, capacity 7128K, committed 7424K, reserved 1056768K
  class space    used 620K, capacity 656K, committed 768K, reserved 1048576K

Card table byte_map: [0x0000000011b90000,0x0000000011da0000] byte_map_base: 0x0000000011590000

Marking Bits: (ParMarkBitMap*) 0x000000005e28a6d0
 Begin Bits: [0x0000000012b20000, 0x0000000013b20000)
 End Bits:   [0x0000000013b20000, 0x0000000014b20000)

Polling page: 0x0000000000330000

CodeCache: size=245760Kb used=6510Kb max_used=6526Kb free=239249Kb
 bounds [0x00000000027d0000, 0x0000000002e40000, 0x00000000117d0000]
 total_blobs=1879 nmethods=1611 adapters=181
 compilation: enabled

Compilation events (10 events):
Event: 4.074 Thread 0x0000000056825000 nmethod 1691% 0x0000000002e2cd10 code [0x0000000002e2d0e0, 0x0000000002e31270]
Event: 4.074 Thread 0x0000000056825000 1693   !   4       com.android.dx.rop.cst.StdConstantPool::get (24 bytes)
Event: 4.075 Thread 0x0000000056825000 nmethod 1693 0x0000000002e1af50 code [0x0000000002e1b080, 0x0000000002e1b118]
Event: 4.075 Thread 0x0000000056825000 1692   !   4       com.android.dx.cf.cst.ConstantPoolParser::parseUtf8 (47 bytes)
Event: 4.081 Thread 0x0000000056825000 nmethod 1692 0x0000000002e29010 code [0x0000000002e291a0, 0x0000000002e29638]
Event: 4.082 Thread 0x0000000056825000 1696       4       com.android.dx.ssa.SsaBasicBlock::exitBlockFixup (58 bytes)
Event: 4.101 Thread 0x0000000056825000 nmethod 1696 0x0000000002e25b90 code [0x0000000002e25d00, 0x0000000002e26778]
Event: 4.101 Thread 0x0000000056825000 1697       4       com.android.dx.ssa.SsaMethod::removeFromUseList (57 bytes)
Event: 4.110 Thread 0x0000000056825000 nmethod 1697 0x0000000002e27050 code [0x0000000002e271a0, 0x0000000002e27658]
Event: 4.111 Thread 0x0000000056825000 1698       4       com.android.dx.ssa.PhiInsn::mapSourceRegisters (78 bytes)

GC Heap History (4 events):
Event: 1.345 GC heap before
{Heap before GC invocations=1 (full 0):
 PSYoungGen      total 76288K, used 65536K [0x00000000eab00000, 0x00000000f0000000, 0x0000000100000000)
  eden space 65536K, 100% used [0x00000000eab00000,0x00000000eeb00000,0x00000000eeb00000)
  from space 10752K, 0% used [0x00000000ef580000,0x00000000ef580000,0x00000000f0000000)
  to   space 10752K, 0% used [0x00000000eeb00000,0x00000000eeb00000,0x00000000ef580000)
 ParOldGen       total 175104K, used 0K [0x00000000c0000000, 0x00000000cab00000, 0x00000000eab00000)
  object space 175104K, 0% used [0x00000000c0000000,0x00000000c0000000,0x00000000cab00000)
 Metaspace       used 6029K, capacity 6962K, committed 7040K, reserved 1056768K
  class space    used 600K, capacity 618K, committed 640K, reserved 1048576K
Event: 1.777 GC heap after
Heap after GC invocations=1 (full 0):
 PSYoungGen      total 76288K, used 10735K [0x00000000eab00000, 0x00000000f4000000, 0x0000000100000000)
  eden space 65536K, 0% used [0x00000000eab00000,0x00000000eab00000,0x00000000eeb00000)
  from space 10752K, 99% used [0x00000000eeb00000,0x00000000ef57bd60,0x00000000ef580000)
  to   space 10752K, 0% used [0x00000000f3580000,0x00000000f3580000,0x00000000f4000000)
 ParOldGen       total 175104K, used 253K [0x00000000c0000000, 0x00000000cab00000, 0x00000000eab00000)
  object space 175104K, 0% used [0x00000000c0000000,0x00000000c003f680,0x00000000cab00000)
 Metaspace       used 6029K, capacity 6962K, committed 7040K, reserved 1056768K
  class space    used 600K, capacity 618K, committed 640K, reserved 1048576K
}
Event: 2.368 GC heap before
{Heap before GC invocations=2 (full 0):
 PSYoungGen      total 76288K, used 76271K [0x00000000eab00000, 0x00000000f4000000, 0x0000000100000000)
  eden space 65536K, 100% used [0x00000000eab00000,0x00000000eeb00000,0x00000000eeb00000)
  from space 10752K, 99% used [0x00000000eeb00000,0x00000000ef57bd60,0x00000000ef580000)
  to   space 10752K, 0% used [0x00000000f3580000,0x00000000f3580000,0x00000000f4000000)
 ParOldGen       total 175104K, used 253K [0x00000000c0000000, 0x00000000cab00000, 0x00000000eab00000)
  object space 175104K, 0% used [0x00000000c0000000,0x00000000c003f680,0x00000000cab00000)
 Metaspace       used 6237K, capacity 7128K, committed 7424K, reserved 1056768K
  class space    used 620K, capacity 656K, committed 768K, reserved 1048576K
Event: 3.166 GC heap after
Heap after GC invocations=2 (full 0):
 PSYoungGen      total 141824K, used 10732K [0x00000000eab00000, 0x00000000f4000000, 0x0000000100000000)
  eden space 131072K, 0% used [0x00000000eab00000,0x00000000eab00000,0x00000000f2b00000)
  from space 10752K, 99% used [0x00000000f3580000,0x00000000f3ffb1a8,0x00000000f4000000)
  to   space 10752K, 0% used [0x00000000f2b00000,0x00000000f2b00000,0x00000000f3580000)
 ParOldGen       total 175104K, used 5949K [0x00000000c0000000, 0x00000000cab00000, 0x00000000eab00000)
  object space 175104K, 3% used [0x00000000c0000000,0x00000000c05cf658,0x00000000cab00000)
 Metaspace       used 6237K, capacity 7128K, committed 7424K, reserved 1056768K
  class space    used 620K, capacity 656K, committed 768K, reserved 1048576K
}

Deoptimization events (10 events):
Event: 1.262 Thread 0x00000000569ce800 Uncommon trap: reason=bimorphic action=maybe_recompile pc=0x0000000002a075f8 method=java.util.HashMap.getNode(ILjava/lang/Object;)Ljava/util/HashMap$Node; @ 126
Event: 1.263 Thread 0x00000000569ce800 Uncommon trap: reason=bimorphic action=maybe_recompile pc=0x0000000002a075f8 method=java.util.HashMap.getNode(ILjava/lang/Object;)Ljava/util/HashMap$Node; @ 126
Event: 1.810 Thread 0x0000000002118000 Uncommon trap: reason=bimorphic action=maybe_recompile pc=0x0000000002a03be0 method=java.util.HashMap.getNode(ILjava/lang/Object;)Ljava/util/HashMap$Node; @ 126
Event: 1.810 Thread 0x0000000002118000 Uncommon trap: reason=class_check action=maybe_recompile pc=0x0000000002c283ec method=java.util.HashMap.putVal(ILjava/lang/Object;Ljava/lang/Object;ZZ)Ljava/lang/Object; @ 203
Event: 1.810 Thread 0x0000000002118000 Uncommon trap: reason=class_check action=maybe_recompile pc=0x0000000002c283ec method=java.util.HashMap.putVal(ILjava/lang/Object;Ljava/lang/Object;ZZ)Ljava/lang/Object; @ 203
Event: 1.865 Thread 0x00000000569cb000 Uncommon trap: reason=class_check action=maybe_recompile pc=0x0000000002c283ec method=java.util.HashMap.putVal(ILjava/lang/Object;Ljava/lang/Object;ZZ)Ljava/lang/Object; @ 203
Event: 1.879 Thread 0x00000000569c9800 Uncommon trap: reason=bimorphic action=maybe_recompile pc=0x0000000002a075f8 method=java.util.HashMap.getNode(ILjava/lang/Object;)Ljava/util/HashMap$Node; @ 126
Event: 1.883 Thread 0x00000000569ce800 Uncommon trap: reason=unstable_if action=reinterpret pc=0x0000000002af68d4 method=java.util.HashMap.putVal(ILjava/lang/Object;Ljava/lang/Object;ZZ)Ljava/lang/Object; @ 162
Event: 1.886 Thread 0x00000000569ce800 Uncommon trap: reason=unstable_if action=reinterpret pc=0x0000000002b40300 method=java.util.HashMap.getNode(ILjava/lang/Object;)Ljava/util/HashMap$Node; @ 84
Event: 3.553 Thread 0x00000000569cb000 Uncommon trap: reason=unstable_if action=reinterpret pc=0x0000000002c728b0 method=com.android.dx.ssa.MoveParamCombiner$1.visitNonMoveInsn(Lcom/android/dx/ssa/NormalSsaInsn;)V @ 27

Internal exceptions (6 events):
Event: 0.043 Thread 0x0000000002118000 Exception <a 'java/lang/NoSuchMethodError': Method sun.misc.Unsafe.defineClass(Ljava/lang/String;[BII)Ljava/lang/Class; name or signature does not match> (0x00000000eab07cc0) thrown at [C:\re\workspace\8-2-build-windows-amd64-cygwin\jdk8u101\7261\hotspot\s¨{Ωè@¶?
Event: 0.043 Thread 0x0000000002118000 Exception <a 'java/lang/NoSuchMethodError': Method sun.misc.Unsafe.prefetchRead(Ljava/lang/Object;J)V name or signature does not match> (0x00000000eab07fa8) thrown at [C:\re\workspace\8-2-build-windows-amd64-cygwin\jdk8u101\7261\hotspot\src\share\vm\prims\MÅ7≈›ÛÍ?
Event: 0.842 Thread 0x00000000569cb000 Implicit null exception at 0x0000000002a79d52 to 0x0000000002a79e4a
Event: 1.884 Thread 0x00000000569ce800 Exception <a 'java/lang/ArrayIndexOutOfBoundsException': 18> (0x00000000ecbe4d60) thrown at [C:\re\workspace\8-2-build-windows-amd64-cygwin\jdk8u101\7261\hotspot\src\share\vm\interpreter\interpreterRuntime.cpp, line 366]
Event: 1.885 Thread 0x00000000569ce800 Exception <a 'java/lang/ArrayIndexOutOfBoundsException'> (0x00000000ecbe68e0) thrown at [C:\re\workspace\8-2-build-windows-amd64-cygwin\jdk8u101\7261\hotspot\src\share\vm\runtime\sharedRuntime.cpp, line 605]
Event: 1.886 Thread 0x00000000569ce800 Exception <a 'java/lang/ArrayIndexOutOfBoundsException'> (0x00000000ecbe7bc8) thrown at [C:\re\workspace\8-2-build-windows-amd64-cygwin\jdk8u101\7261\hotspot\src\share\vm\runtime\sharedRuntime.cpp, line 605]

Events (10 events):
Event: 1.886 Thread 0x00000000569ce800 Uncommon trap: trap_request=0xffffff65 fr.pc=0x0000000002b40300
Event: 1.886 Thread 0x00000000569ce800 DEOPT PACKING pc=0x0000000002b40300 sp=0x0000000058e9e480
Event: 1.886 Thread 0x00000000569ce800 DEOPT UNPACKING pc=0x000000000281582a sp=0x0000000058e9e368 mode 2
Event: 2.368 Executing VM operation: ParallelGCFailedAllocation
Event: 3.166 Executing VM operation: ParallelGCFailedAllocation done
Event: 3.553 Thread 0x00000000569cb000 Uncommon trap: trap_request=0xffffff65 fr.pc=0x0000000002c728b0
Event: 3.553 Thread 0x00000000569cb000 DEOPT PACKING pc=0x0000000002c728b0 sp=0x0000000058bbe840
Event: 3.553 Thread 0x00000000569cb000 DEOPT UNPACKING pc=0x000000000281582a sp=0x0000000058bbe798 mode 2
Event: 3.780 loading class com/android/dx/rop/code/RegisterSpec$1
Event: 3.780 loading class com/android/dx/rop/code/RegisterSpec$1 done


Dynamic libraries:
0x000000013f570000 - 0x000000013f5a7000 	C:\Program Files\Java\jdk1.8.0_101\bin\java.exe
0x0000000077840000 - 0x00000000779ea000 	C:\Windows\SYSTEM32\ntdll.dll
0x0000000077620000 - 0x000000007773f000 	C:\Windows\system32\kernel32.dll
0x000007fefd940000 - 0x000007fefd9aa000 	C:\Windows\system32\KERNELBASE.dll
0x000007feff760000 - 0x000007feff83b000 	C:\Windows\system32\ADVAPI32.dll
0x000007feff3f0000 - 0x000007feff48f000 	C:\Windows\system32\msvcrt.dll
0x000007feffa90000 - 0x000007feffaaf000 	C:\Windows\SYSTEM32\sechost.dll
0x000007fefedb0000 - 0x000007fefeedd000 	C:\Windows\system32\RPCRT4.dll
0x0000000077740000 - 0x000000007783a000 	C:\Windows\system32\USER32.dll
0x000007feff670000 - 0x000007feff6d7000 	C:\Windows\system32\GDI32.dll
0x000007fefea60000 - 0x000007fefea6e000 	C:\Windows\system32\LPK.dll
0x000007fefeb00000 - 0x000007fefebca000 	C:\Windows\system32\USP10.dll
0x000007fefc010000 - 0x000007fefc204000 	C:\Windows\WinSxS\amd64_microsoft.windows.common-controls_6595b64144ccf1df_6.0.7601.18837_none_fa3b1e3d17594757\COMCTL32.dll
0x000007feff6e0000 - 0x000007feff751000 	C:\Windows\system32\SHLWAPI.dll
0x000007fefeee0000 - 0x000007fefef0e000 	C:\Windows\system32\IMM32.DLL
0x000007feff8a0000 - 0x000007feff9a9000 	C:\Windows\system32\MSCTF.dll
0x000000006cd70000 - 0x000000006ce42000 	C:\Program Files\Java\jdk1.8.0_101\jre\bin\msvcr100.dll
0x000000005da70000 - 0x000000005e30a000 	C:\Program Files\Java\jdk1.8.0_101\jre\bin\server\jvm.dll
0x000007fef2540000 - 0x000007fef2549000 	C:\Windows\system32\WSOCK32.dll
0x000007feff490000 - 0x000007feff4dd000 	C:\Windows\system32\WS2_32.dll
0x000007fefea70000 - 0x000007fefea78000 	C:\Windows\system32\NSI.dll
0x000007fefb520000 - 0x000007fefb55b000 	C:\Windows\system32\WINMM.dll
0x000007fefc6d0000 - 0x000007fefc6dc000 	C:\Windows\system32\VERSION.dll
0x0000000077a00000 - 0x0000000077a07000 	C:\Windows\system32\PSAPI.DLL
0x0000000074670000 - 0x000000007467f000 	C:\Program Files\Java\jdk1.8.0_101\jre\bin\verify.dll
0x00000000745e0000 - 0x0000000074609000 	C:\Program Files\Java\jdk1.8.0_101\jre\bin\java.dll
0x0000000074620000 - 0x0000000074636000 	C:\Program Files\Java\jdk1.8.0_101\jre\bin\zip.dll
0x000007fefdc10000 - 0x000007fefe999000 	C:\Windows\system32\SHELL32.dll
0x000007feff1e0000 - 0x000007feff3e3000 	C:\Windows\system32\ole32.dll
0x000007fefd600000 - 0x000007fefd60f000 	C:\Windows\system32\profapi.dll

VM Arguments:
jvm_args: -Djava.awt.headless=true -Xmx1024M -Dfile.encoding=windows-1252 -Duser.country=US -Duser.language=en -Duser.variant 
java_command: com.android.dx.command.Main --dex --num-threads=4 --output C:\Users\rgudipati\AndroidStudioProjects\RLab\app\build\intermediates\pre-dexed\release\com.google.firebase-firebase-analytics-impl-9.4.0_f9de9b48fa474996418af9ae8b167a2a63127d07.jar C:\Users\rgudipati\AndroidStudioProjects\RLab\app\build\intermediates\exploded-aar\com.google.firebase\firebase-analytics-impl\9.4.0\jars\classes.jar
java_class_path (initial): C:\Users\rgudipati\AppData\Local\Android\sdk\build-tools\23.0.2\lib\dx.jar
Launcher Type: SUN_STANDARD

Environment Variables:
JAVA_HOME=C:\Program Files (x86)\Java\jdk1.8.0_101
CLASSPATH=C:\Program Files (x86)\Java\jdk1.8.0_101\bin;
PATH=C:\ProgramData\Oracle\Java\javapath;C:\Python27\;C:\Python27\Scripts;C:\Perl64\site\bin;C:\Perl64\bin;C:\tools\activetcl\bin;C:\Windows\system32;C:\Windows;C:\Windows\System32\Wbem;C:\Windows\System32\WindowsPowerShell\v1.0\;C:\ProgramData\chocolatey\bin;C:\Program Files\Java\jdk1.8.0_102\bin;C:\Program Files\MiKTeX 2.9\miktex\bin\x64\;C:\Program Files (x86)\Skype\Phone\;C:\Program Files (x86)\Windows Kits\8.1\Windows Performance Toolkit\;C:\Program Files (x86)\GTK2-Runtime\bin;C:\Program Files\doxygen\bin;C:\Program Files (x86)\GitExtensions\;C:\Program Files\Microsoft\Web Platform Installer\;C:\Program Files (x86)\Microsoft SQL Server\130\Tools\Binn\ManagementStudio\;C:\Program Files (x86)\Microsoft SQL Server\130\Tools\Binn\;C:\Program Files (x86)\Microsoft SQL Server\Client SDK\ODBC\110\Tools\Binn\;C:\Program Files (x86)\Microsoft SQL Server\130\DTS\Binn\;C:\Program Files\Microsoft SQL Server\110\Tools\Binn\;C:\Program Files (x86)\Microchip\xc8\v1.38\bin;C:\Program Files (x86)\PuTTY\;C:\Windows\CCM;C:\Program Files (x86)\Java\jdk1.8.0_101\bin;C:\Program Files\TortoiseGit\bin
USERNAME=rgudipati
OS=Windows_NT
PROCESSOR_IDENTIFIER=Intel64 Family 6 Model 60 Stepping 3, GenuineIntel



---------------  S Y S T E M  ---------------

OS: Windows 7 , 64 bit Build 7601 (6.1.7601.23418)

CPU:total 8 (4 cores per cpu, 2 threads per core) family 6 model 60 stepping 3, cmov, cx8, fxsr, mmx, sse, sse2, sse3, ssse3, sse4.1, sse4.2, popcnt, avx, avx2, aes, clmul, erms, lzcnt, ht, tsc, tscinvbit, bmi1, bmi2

Memory: 4k page, physical 16683148k(1638884k free), swap 20875592k(5760k free)

vm_info: Java HotSpot(TM) 64-Bit Server VM (25.101-b13) for windows-amd64 JRE (1.8.0_101-b13), built on Jun 22 2016 01:21:29 by "java_re" with MS VC++ 10.0 (VS2010)

time: Tue May 23 16:47:17 2017
elapsed time: 4 seconds (0d 0h 0m 4s)

