#
# There is insufficient memory for the Java Runtime Environment to continue.
# Native memory allocation (malloc) failed to allocate 1078736 bytes for Chunk::new
# Possible reasons:
#   The system is out of physical RAM or swap space
#   In 32 bit mode, the process size limit was hit
# Possible solutions:
#   Reduce memory load on the system
#   Increase physical memory or swap space
#   Check if swap backing store is full
#   Use 64 bit Java on a 64 bit OS
#   Decrease Java heap size (-Xmx/-Xms)
#   Decrease number of Java threads
#   Decrease Java thread stack sizes (-Xss)
#   Set larger code cache with -XX:ReservedCodeCacheSize=
# This output file may be truncated or incomplete.
#
#  Out of Memory Error (allocation.cpp:390), pid=13344, tid=0x0000000000002f30
#
# JRE version: Java(TM) SE Runtime Environment (8.0_101-b13) (build 1.8.0_101-b13)
# Java VM: Java HotSpot(TM) 64-Bit Server VM (25.101-b13 mixed mode windows-amd64 compressed oops)
# Failed to write core dump. Minidumps are not enabled by default on client versions of Windows
#

---------------  T H R E A D  ---------------

Current thread (0x00000000565a5000):  JavaThread "C2 CompilerThread1" daemon [_thread_in_native, id=12080, stack(0x0000000057e50000,0x0000000057f50000)]

Stack: [0x0000000057e50000,0x0000000057f50000]
[error occurred during error reporting (printing stack bounds), id 0xc0000005]

Native frames: (J=compiled Java code, j=interpreted, Vv=VM code, C=native code)


Current CompileTask:
C2:   3344 1687       4       com.android.dx.ssa.LocalVariableExtractor::processBlock (383 bytes)


---------------  P R O C E S S  ---------------

Java Threads: ( => current thread )
  0x000000005841c000 JavaThread "pool-1-thread-4" [_thread_blocked, id=4332, stack(0x0000000058fc0000,0x00000000590c0000)]
  0x00000000583f5000 JavaThread "pool-1-thread-3" [_thread_in_Java, id=13572, stack(0x0000000059100000,0x0000000059200000)]
  0x00000000583f4000 JavaThread "pool-1-thread-2" [_thread_blocked, id=14412, stack(0x0000000058c30000,0x0000000058d30000)]
  0x000000005683e800 JavaThread "pool-2-thread-1" [_thread_blocked, id=4780, stack(0x0000000058ea0000,0x0000000058fa0000)]
  0x000000005683a000 JavaThread "pool-1-thread-1" [_thread_in_Java, id=13712, stack(0x0000000058d80000,0x0000000058e80000)]
  0x000000005660f000 JavaThread "Service Thread" daemon [_thread_blocked, id=9764, stack(0x0000000057cf0000,0x0000000057df0000)]
  0x0000000056606800 JavaThread "C1 CompilerThread3" daemon [_thread_blocked, id=7192, stack(0x0000000058100000,0x0000000058200000)]
  0x00000000565a6000 JavaThread "C2 CompilerThread2" daemon [_thread_in_native, id=10468, stack(0x0000000057f70000,0x0000000058070000)]
=>0x00000000565a5000 JavaThread "C2 CompilerThread1" daemon [_thread_in_native, id=12080, stack(0x0000000057e50000,0x0000000057f50000)]
  0x000000005659f000 JavaThread "C2 CompilerThread0" daemon [_thread_in_native, id=1208, stack(0x0000000057be0000,0x0000000057ce0000)]
  0x000000005659b800 JavaThread "Attach Listener" daemon [_thread_blocked, id=5236, stack(0x00000000574f0000,0x00000000575f0000)]
  0x000000005659a800 JavaThread "Signal Dispatcher" daemon [_thread_blocked, id=5448, stack(0x0000000057a40000,0x0000000057b40000)]
  0x00000000554ef800 JavaThread "Finalizer" daemon [_thread_blocked, id=13988, stack(0x0000000057920000,0x0000000057a20000)]
  0x00000000554e7000 JavaThread "Reference Handler" daemon [_thread_blocked, id=4888, stack(0x0000000057770000,0x0000000057870000)]
  0x0000000002068000 JavaThread "main" [_thread_blocked, id=8104, stack(0x00000000022f0000,0x00000000023f0000)]

Other Threads:
  0x0000000056552800 VMThread [stack: 0x0000000057600000,0x0000000057700000] [id=5976]
  0x0000000056618000 WatcherThread [stack: 0x00000000582d0000,0x00000000583d0000] [id=16544]

VM state:not at safepoint (normal execution)

VM Mutex/Monitor currently owned by a thread: None

Heap:
 PSYoungGen      total 141824K, used 73713K [0x00000000eab00000, 0x00000000f4000000, 0x0000000100000000)
  eden space 131072K, 48% used [0x00000000eab00000,0x00000000ee882bd0,0x00000000f2b00000)
  from space 10752K, 99% used [0x00000000f3580000,0x00000000f3ff9ba8,0x00000000f4000000)
  to   space 10752K, 0% used [0x00000000f2b00000,0x00000000f2b00000,0x00000000f3580000)
 ParOldGen       total 175104K, used 7953K [0x00000000c0000000, 0x00000000cab00000, 0x00000000eab00000)
  object space 175104K, 4% used [0x00000000c0000000,0x00000000c07c4680,0x00000000cab00000)
 Metaspace       used 6305K, capacity 7128K, committed 7424K, reserved 1056768K
  class space    used 626K, capacity 656K, committed 768K, reserved 1048576K

Card table byte_map: [0x0000000011a80000,0x0000000011c90000] byte_map_base: 0x0000000011480000

Marking Bits: (ParMarkBitMap*) 0x000000005e28a6d0
 Begin Bits: [0x0000000012900000, 0x0000000013900000)
 End Bits:   [0x0000000013900000, 0x0000000014900000)

Polling page: 0x00000000001c0000

CodeCache: size=245760Kb used=6764Kb max_used=6770Kb free=238995Kb
 bounds [0x00000000026c0000, 0x0000000002d70000, 0x00000000116c0000]
 total_blobs=1928 nmethods=1659 adapters=182
 compilation: enabled

Compilation events (10 events):
Event: 3.262 Thread 0x00000000565a6000 nmethod 1747 0x0000000002d5cb10 code [0x0000000002d5cc60, 0x0000000002d5ced8]
Event: 3.262 Thread 0x00000000565a6000 1726   !   4       com.android.dx.rop.code.RegisterSpec::intern (70 bytes)
Event: 3.276 Thread 0x0000000056606800 1756       2       com.android.dx.rop.code.Rops::opIfNe (17 bytes)
Event: 3.276 Thread 0x0000000056606800 nmethod 1756 0x0000000002d5c790 code [0x0000000002d5c900, 0x0000000002d5ca88]
Event: 3.312 Thread 0x0000000056606800 1757       2       com.android.dx.dex.code.OutputCollector::appendSuffixToOutput (45 bytes)
Event: 3.313 Thread 0x0000000056606800 nmethod 1757 0x0000000002d5d990 code [0x0000000002d5db40, 0x0000000002d5dfd8]
Event: 3.313 Thread 0x0000000056606800 1758       2       com.android.dx.dex.code.DalvCode::<init> (68 bytes)
Event: 3.313 Thread 0x0000000056606800 nmethod 1758 0x0000000002d5d390 code [0x0000000002d5d520, 0x0000000002d5d838]
Event: 3.341 Thread 0x0000000056606800 1759       2       com.android.dx.rop.code.Rops::opIfGe (13 bytes)
Event: 3.341 Thread 0x0000000056606800 nmethod 1759 0x0000000002d63110 code [0x0000000002d63280, 0x0000000002d63408]

GC Heap History (4 events):
Event: 1.376 GC heap before
{Heap before GC invocations=1 (full 0):
 PSYoungGen      total 76288K, used 65536K [0x00000000eab00000, 0x00000000f0000000, 0x0000000100000000)
  eden space 65536K, 100% used [0x00000000eab00000,0x00000000eeb00000,0x00000000eeb00000)
  from space 10752K, 0% used [0x00000000ef580000,0x00000000ef580000,0x00000000f0000000)
  to   space 10752K, 0% used [0x00000000eeb00000,0x00000000eeb00000,0x00000000ef580000)
 ParOldGen       total 175104K, used 0K [0x00000000c0000000, 0x00000000cab00000, 0x00000000eab00000)
  object space 175104K, 0% used [0x00000000c0000000,0x00000000c0000000,0x00000000cab00000)
 Metaspace       used 6136K, capacity 7000K, committed 7168K, reserved 1056768K
  class space    used 625K, capacity 656K, committed 768K, reserved 1048576K
Event: 1.777 GC heap after
Heap after GC invocations=1 (full 0):
 PSYoungGen      total 76288K, used 10456K [0x00000000eab00000, 0x00000000f4000000, 0x0000000100000000)
  eden space 65536K, 0% used [0x00000000eab00000,0x00000000eab00000,0x00000000eeb00000)
  from space 10752K, 97% used [0x00000000eeb00000,0x00000000ef5361e0,0x00000000ef580000)
  to   space 10752K, 0% used [0x00000000f3580000,0x00000000f3580000,0x00000000f4000000)
 ParOldGen       total 175104K, used 0K [0x00000000c0000000, 0x00000000cab00000, 0x00000000eab00000)
  object space 175104K, 0% used [0x00000000c0000000,0x00000000c0000000,0x00000000cab00000)
 Metaspace       used 6136K, capacity 7000K, committed 7168K, reserved 1056768K
  class space    used 625K, capacity 656K, committed 768K, reserved 1048576K
}
Event: 2.475 GC heap before
{Heap before GC invocations=2 (full 0):
 PSYoungGen      total 76288K, used 75992K [0x00000000eab00000, 0x00000000f4000000, 0x0000000100000000)
  eden space 65536K, 100% used [0x00000000eab00000,0x00000000eeb00000,0x00000000eeb00000)
  from space 10752K, 97% used [0x00000000eeb00000,0x00000000ef5361e0,0x00000000ef580000)
  to   space 10752K, 0% used [0x00000000f3580000,0x00000000f3580000,0x00000000f4000000)
 ParOldGen       total 175104K, used 0K [0x00000000c0000000, 0x00000000cab00000, 0x00000000eab00000)
  object space 175104K, 0% used [0x00000000c0000000,0x00000000c0000000,0x00000000cab00000)
 Metaspace       used 6199K, capacity 7064K, committed 7424K, reserved 1056768K
  class space    used 626K, capacity 656K, committed 768K, reserved 1048576K
Event: 2.640 GC heap after
Heap after GC invocations=2 (full 0):
 PSYoungGen      total 141824K, used 10726K [0x00000000eab00000, 0x00000000f4000000, 0x0000000100000000)
  eden space 131072K, 0% used [0x00000000eab00000,0x00000000eab00000,0x00000000f2b00000)
  from space 10752K, 99% used [0x00000000f3580000,0x00000000f3ff9ba8,0x00000000f4000000)
  to   space 10752K, 0% used [0x00000000f2b00000,0x00000000f2b00000,0x00000000f3580000)
 ParOldGen       total 175104K, used 7953K [0x00000000c0000000, 0x00000000cab00000, 0x00000000eab00000)
  object space 175104K, 4% used [0x00000000c0000000,0x00000000c07c4680,0x00000000cab00000)
 Metaspace       used 6199K, capacity 7064K, committed 7424K, reserved 1056768K
  class space    used 626K, capacity 656K, committed 768K, reserved 1048576K
}

Deoptimization events (10 events):
Event: 2.271 Thread 0x000000005683a000 Uncommon trap: reason=unstable_if action=reinterpret pc=0x0000000002a3fa2c method=com.android.dx.util.IntList.binarysearch(I)I @ 105
Event: 2.285 Thread 0x0000000002068000 Uncommon trap: reason=unstable_if action=reinterpret pc=0x0000000002b6a7b4 method=java.util.HashMap.putVal(ILjava/lang/Object;Ljava/lang/Object;ZZ)Ljava/lang/Object; @ 109
Event: 2.287 Thread 0x0000000002068000 Uncommon trap: reason=unstable_if action=reinterpret pc=0x0000000002c46f78 method=java.util.HashMap.putVal(ILjava/lang/Object;Ljava/lang/Object;ZZ)Ljava/lang/Object; @ 109
Event: 2.744 Thread 0x000000005683a000 Uncommon trap: reason=class_check action=maybe_recompile pc=0x0000000002be48e4 method=com.android.dx.rop.code.RegisterSpec.withSimpleType()Lcom/android/dx/rop/code/RegisterSpec; @ 21
Event: 2.744 Thread 0x000000005683a000 Uncommon trap: reason=class_check action=maybe_recompile pc=0x0000000002be48e4 method=com.android.dx.rop.code.RegisterSpec.withSimpleType()Lcom/android/dx/rop/code/RegisterSpec; @ 21
Event: 2.792 Thread 0x00000000583f5000 Uncommon trap: reason=null_check action=make_not_entrant pc=0x0000000002984260 method=com.android.dx.ssa.SsaRenamer.getLocalForNewReg(I)Lcom/android/dx/rop/code/LocalItem; @ 19
Event: 3.128 Thread 0x000000005841c000 Uncommon trap: reason=class_check action=maybe_recompile pc=0x0000000002be48e4 method=com.android.dx.rop.code.RegisterSpec.withSimpleType()Lcom/android/dx/rop/code/RegisterSpec; @ 21
Event: 3.129 Thread 0x000000005841c000 Uncommon trap: reason=class_check action=maybe_recompile pc=0x0000000002be48e4 method=com.android.dx.rop.code.RegisterSpec.withSimpleType()Lcom/android/dx/rop/code/RegisterSpec; @ 21
Event: 3.175 Thread 0x00000000583f4000 Uncommon trap: reason=bimorphic action=maybe_recompile pc=0x0000000002d25248 method=com.android.dx.cf.code.BytecodeArray.parseInstruction(ILcom/android/dx/cf/code/BytecodeArray$Visitor;)I @ 2484
Event: 3.175 Thread 0x00000000583f4000 Uncommon trap: reason=bimorphic action=maybe_recompile pc=0x0000000002d25248 method=com.android.dx.cf.code.BytecodeArray.parseInstruction(ILcom/android/dx/cf/code/BytecodeArray$Visitor;)I @ 2484

Internal exceptions (8 events):
Event: 0.040 Thread 0x0000000002068000 Exception <a 'java/lang/NoSuchMethodError': Method sun.misc.Unsafe.defineClass(Ljava/lang/String;[BII)Ljava/lang/Class; name or signature does not match> (0x00000000eab07cc0) thrown at [C:\re\workspace\8-2-build-windows-amd64-cygwin\jdk8u101\7261\hotspot\s´Š£…Rz¤?
Event: 0.040 Thread 0x0000000002068000 Exception <a 'java/lang/NoSuchMethodError': Method sun.misc.Unsafe.prefetchRead(Ljava/lang/Object;J)V name or signature does not match> (0x00000000eab07fa8) thrown at [C:\re\workspace\8-2-build-windows-amd64-cygwin\jdk8u101\7261\hotspot\src\share\vm\prims\ÿšÝº>šç?
Event: 0.738 Thread 0x000000005683a000 Implicit null exception at 0x00000000029820d2 to 0x00000000029821ca
Event: 1.145 Thread 0x00000000583f4000 Exception <a 'java/lang/ArrayIndexOutOfBoundsException': 18> (0x00000000eea1c070) thrown at [C:\re\workspace\8-2-build-windows-amd64-cygwin\jdk8u101\7261\hotspot\src\share\vm\interpreter\interpreterRuntime.cpp, line 366]
Event: 1.146 Thread 0x00000000583f4000 Exception <a 'java/lang/ArrayIndexOutOfBoundsException': 145> (0x00000000eea1dbf0) thrown at [C:\re\workspace\8-2-build-windows-amd64-cygwin\jdk8u101\7261\hotspot\src\share\vm\interpreter\interpreterRuntime.cpp, line 366]
Event: 1.146 Thread 0x00000000583f4000 Exception <a 'java/lang/ArrayIndexOutOfBoundsException': 40> (0x00000000eea1eed8) thrown at [C:\re\workspace\8-2-build-windows-amd64-cygwin\jdk8u101\7261\hotspot\src\share\vm\interpreter\interpreterRuntime.cpp, line 366]
Event: 2.227 Thread 0x000000005683a000 Implicit null exception at 0x00000000029a981a to 0x00000000029aafd5
Event: 2.792 Thread 0x00000000583f5000 Implicit null exception at 0x0000000002982d61 to 0x0000000002984241

Events (10 events):
Event: 3.129 Thread 0x000000005841c000 DEOPT UNPACKING pc=0x000000000270582a sp=0x00000000590be5a8 mode 2
Event: 3.174 Thread 0x00000000583f5000 DEOPT UNPACKING pc=0x000000000270582a sp=0x00000000591fe168 mode 2
Event: 3.175 Thread 0x00000000583f4000 Uncommon trap: trap_request=0xffffffc6 fr.pc=0x0000000002d25248
Event: 3.175 Thread 0x00000000583f4000 DEOPT PACKING pc=0x0000000002d25248 sp=0x0000000058d2eb10
Event: 3.175 Thread 0x00000000583f4000 DEOPT UNPACKING pc=0x000000000270582a sp=0x0000000058d2eae8 mode 2
Event: 3.175 Thread 0x00000000583f4000 Uncommon trap: trap_request=0xffffffc6 fr.pc=0x0000000002d25248
Event: 3.175 Thread 0x00000000583f4000 DEOPT PACKING pc=0x0000000002d25248 sp=0x0000000058d2e8e0
Event: 3.175 Thread 0x00000000583f4000 DEOPT UNPACKING pc=0x000000000270582a sp=0x0000000058d2e8b8 mode 2
Event: 3.243 Thread 0x000000005683a000 DEOPT PACKING pc=0x0000000002c8f21d sp=0x0000000058e7e740
Event: 3.243 Thread 0x000000005683a000 DEOPT UNPACKING pc=0x000000000270787f sp=0x0000000058e7e4a8 mode 0


Dynamic libraries:
0x000000013f570000 - 0x000000013f5a7000 	C:\Program Files\Java\jdk1.8.0_101\bin\java.exe
0x0000000077840000 - 0x00000000779ea000 	C:\Windows\SYSTEM32\ntdll.dll
0x0000000077620000 - 0x000000007773f000 	C:\Windows\system32\kernel32.dll
0x000007fefd940000 - 0x000007fefd9aa000 	C:\Windows\system32\KERNELBASE.dll
0x000007feff760000 - 0x000007feff83b000 	C:\Windows\system32\ADVAPI32.dll
0x000007feff3f0000 - 0x000007feff48f000 	C:\Windows\system32\msvcrt.dll
0x000007feffa90000 - 0x000007feffaaf000 	C:\Windows\SYSTEM32\sechost.dll
0x000007fefedb0000 - 0x000007fefeedd000 	C:\Windows\system32\RPCRT4.dll
0x0000000077740000 - 0x000000007783a000 	C:\Windows\system32\USER32.dll
0x000007feff670000 - 0x000007feff6d7000 	C:\Windows\system32\GDI32.dll
0x000007fefea60000 - 0x000007fefea6e000 	C:\Windows\system32\LPK.dll
0x000007fefeb00000 - 0x000007fefebca000 	C:\Windows\system32\USP10.dll
0x000007fefc010000 - 0x000007fefc204000 	C:\Windows\WinSxS\amd64_microsoft.windows.common-controls_6595b64144ccf1df_6.0.7601.18837_none_fa3b1e3d17594757\COMCTL32.dll
0x000007feff6e0000 - 0x000007feff751000 	C:\Windows\system32\SHLWAPI.dll
0x000007fefeee0000 - 0x000007fefef0e000 	C:\Windows\system32\IMM32.DLL
0x000007feff8a0000 - 0x000007feff9a9000 	C:\Windows\system32\MSCTF.dll
0x000000006cd70000 - 0x000000006ce42000 	C:\Program Files\Java\jdk1.8.0_101\jre\bin\msvcr100.dll
0x000000005da70000 - 0x000000005e30a000 	C:\Program Files\Java\jdk1.8.0_101\jre\bin\server\jvm.dll
0x000007fef2540000 - 0x000007fef2549000 	C:\Windows\system32\WSOCK32.dll
0x000007feff490000 - 0x000007feff4dd000 	C:\Windows\system32\WS2_32.dll
0x000007fefea70000 - 0x000007fefea78000 	C:\Windows\system32\NSI.dll
0x000007fefb520000 - 0x000007fefb55b000 	C:\Windows\system32\WINMM.dll
0x000007fefc6d0000 - 0x000007fefc6dc000 	C:\Windows\system32\VERSION.dll
0x0000000077a00000 - 0x0000000077a07000 	C:\Windows\system32\PSAPI.DLL
0x0000000074670000 - 0x000000007467f000 	C:\Program Files\Java\jdk1.8.0_101\jre\bin\verify.dll
0x00000000745e0000 - 0x0000000074609000 	C:\Program Files\Java\jdk1.8.0_101\jre\bin\java.dll
0x0000000074620000 - 0x0000000074636000 	C:\Program Files\Java\jdk1.8.0_101\jre\bin\zip.dll
0x000007fefdc10000 - 0x000007fefe999000 	C:\Windows\system32\SHELL32.dll
0x000007feff1e0000 - 0x000007feff3e3000 	C:\Windows\system32\ole32.dll
0x000007fefd600000 - 0x000007fefd60f000 	C:\Windows\system32\profapi.dll

VM Arguments:
jvm_args: -Djava.awt.headless=true -Xmx1024M -Dfile.encoding=windows-1252 -Duser.country=US -Duser.language=en -Duser.variant 
java_command: com.android.dx.command.Main --dex --num-threads=4 --output C:\Users\rgudipati\AndroidStudioProjects\RLab\app\build\intermediates\pre-dexed\release\com.android.support-recyclerview-v7-23.4.0_b6d955fba4f406037a0a57ce988a72e961c1587b.jar C:\Users\rgudipati\AndroidStudioProjects\RLab\app\build\intermediates\exploded-aar\com.android.support\recyclerview-v7\23.4.0\jars\classes.jar
java_class_path (initial): C:\Users\rgudipati\AppData\Local\Android\sdk\build-tools\23.0.2\lib\dx.jar
Launcher Type: SUN_STANDARD

Environment Variables:
JAVA_HOME=C:\Program Files (x86)\Java\jdk1.8.0_101
CLASSPATH=C:\Program Files (x86)\Java\jdk1.8.0_101\bin;
PATH=C:\ProgramData\Oracle\Java\javapath;C:\Python27\;C:\Python27\Scripts;C:\Perl64\site\bin;C:\Perl64\bin;C:\tools\activetcl\bin;C:\Windows\system32;C:\Windows;C:\Windows\System32\Wbem;C:\Windows\System32\WindowsPowerShell\v1.0\;C:\ProgramData\chocolatey\bin;C:\Program Files\Java\jdk1.8.0_102\bin;C:\Program Files\MiKTeX 2.9\miktex\bin\x64\;C:\Program Files (x86)\Skype\Phone\;C:\Program Files (x86)\Windows Kits\8.1\Windows Performance Toolkit\;C:\Program Files (x86)\GTK2-Runtime\bin;C:\Program Files\doxygen\bin;C:\Program Files (x86)\GitExtensions\;C:\Program Files\Microsoft\Web Platform Installer\;C:\Program Files (x86)\Microsoft SQL Server\130\Tools\Binn\ManagementStudio\;C:\Program Files (x86)\Microsoft SQL Server\130\Tools\Binn\;C:\Program Files (x86)\Microsoft SQL Server\Client SDK\ODBC\110\Tools\Binn\;C:\Program Files (x86)\Microsoft SQL Server\130\DTS\Binn\;C:\Program Files\Microsoft SQL Server\110\Tools\Binn\;C:\Program Files (x86)\Microchip\xc8\v1.38\bin;C:\Program Files (x86)\PuTTY\;C:\Windows\CCM;C:\Program Files (x86)\Java\jdk1.8.0_101\bin;C:\Program Files\TortoiseGit\bin
USERNAME=rgudipati
OS=Windows_NT
PROCESSOR_IDENTIFIER=Intel64 Family 6 Model 60 Stepping 3, GenuineIntel



---------------  S Y S T E M  ---------------

OS: Windows 7 , 64 bit Build 7601 (6.1.7601.23418)

CPU:total 8 (4 cores per cpu, 2 threads per core) family 6 model 60 stepping 3, cmov, cx8, fxsr, mmx, sse, sse2, sse3, ssse3, sse4.1, sse4.2, popcnt, avx, avx2, aes, clmul, erms, lzcnt, ht, tsc, tscinvbit, bmi1, bmi2

Memory: 4k page, physical 16683148k(1642088k free), swap 20875592k(4976k free)

vm_info: Java HotSpot(TM) 64-Bit Server VM (25.101-b13) for windows-amd64 JRE (1.8.0_101-b13), built on Jun 22 2016 01:21:29 by "java_re" with MS VC++ 10.0 (VS2010)

time: Tue May 23 16:47:06 2017
elapsed time: 3 seconds (0d 0h 0m 3s)

